{"/Users/jlee72/Documents/week5/fec/client/RelatedItemstest.js": {"path":"/Users/jlee72/Documents/week5/fec/client/RelatedItemstest.js","all":false,"statementMap":{"0":{"start":{"line":1,"column":0},"end":{"line":1,"column":32}},"1":{"start":{"line":2,"column":0},"end":{"line":2,"column":24}},"2":{"start":{"line":3,"column":0},"end":{"line":3,"column":14}},"3":{"start":{"line":4,"column":0},"end":{"line":4,"column":7}},"4":{"start":{"line":5,"column":0},"end":{"line":5,"column":29}},"5":{"start":{"line":6,"column":0},"end":{"line":6,"column":47}},"6":{"start":{"line":7,"column":0},"end":{"line":7,"column":36}},"7":{"start":{"line":8,"column":0},"end":{"line":8,"column":29}},"8":{"start":{"line":9,"column":0},"end":{"line":9,"column":28}},"9":{"start":{"line":10,"column":0},"end":{"line":10,"column":21}},"10":{"start":{"line":11,"column":0},"end":{"line":11,"column":15}},"11":{"start":{"line":12,"column":0},"end":{"line":12,"column":40}},"12":{"start":{"line":13,"column":0},"end":{"line":13,"column":29}},"13":{"start":{"line":14,"column":0},"end":{"line":14,"column":15}},"14":{"start":{"line":15,"column":0},"end":{"line":15,"column":12}},"15":{"start":{"line":16,"column":0},"end":{"line":16,"column":19}},"16":{"start":{"line":17,"column":0},"end":{"line":17,"column":23}},"17":{"start":{"line":18,"column":0},"end":{"line":18,"column":35}},"18":{"start":{"line":19,"column":0},"end":{"line":19,"column":30}},"19":{"start":{"line":20,"column":0},"end":{"line":20,"column":15}},"20":{"start":{"line":21,"column":0},"end":{"line":21,"column":11}},"21":{"start":{"line":22,"column":0},"end":{"line":22,"column":8}},"22":{"start":{"line":23,"column":0},"end":{"line":23,"column":7}},"23":{"start":{"line":24,"column":0},"end":{"line":24,"column":29}},"24":{"start":{"line":25,"column":0},"end":{"line":25,"column":46}},"25":{"start":{"line":26,"column":0},"end":{"line":26,"column":36}},"26":{"start":{"line":27,"column":0},"end":{"line":27,"column":29}},"27":{"start":{"line":28,"column":0},"end":{"line":28,"column":27}},"28":{"start":{"line":29,"column":0},"end":{"line":29,"column":21}},"29":{"start":{"line":30,"column":0},"end":{"line":30,"column":15}},"30":{"start":{"line":31,"column":0},"end":{"line":31,"column":40}},"31":{"start":{"line":32,"column":0},"end":{"line":32,"column":29}},"32":{"start":{"line":33,"column":0},"end":{"line":33,"column":15}},"33":{"start":{"line":34,"column":0},"end":{"line":34,"column":12}},"34":{"start":{"line":35,"column":0},"end":{"line":35,"column":19}},"35":{"start":{"line":36,"column":0},"end":{"line":36,"column":23}},"36":{"start":{"line":37,"column":0},"end":{"line":37,"column":35}},"37":{"start":{"line":38,"column":0},"end":{"line":38,"column":30}},"38":{"start":{"line":39,"column":0},"end":{"line":39,"column":15}},"39":{"start":{"line":40,"column":0},"end":{"line":40,"column":11}},"40":{"start":{"line":41,"column":0},"end":{"line":41,"column":8}},"41":{"start":{"line":42,"column":0},"end":{"line":42,"column":7}},"42":{"start":{"line":43,"column":0},"end":{"line":43,"column":29}},"43":{"start":{"line":44,"column":0},"end":{"line":44,"column":46}},"44":{"start":{"line":45,"column":0},"end":{"line":45,"column":36}},"45":{"start":{"line":46,"column":0},"end":{"line":46,"column":29}},"46":{"start":{"line":47,"column":0},"end":{"line":47,"column":28}},"47":{"start":{"line":48,"column":0},"end":{"line":48,"column":21}},"48":{"start":{"line":49,"column":0},"end":{"line":49,"column":15}},"49":{"start":{"line":50,"column":0},"end":{"line":50,"column":40}},"50":{"start":{"line":51,"column":0},"end":{"line":51,"column":29}},"51":{"start":{"line":52,"column":0},"end":{"line":52,"column":15}},"52":{"start":{"line":53,"column":0},"end":{"line":53,"column":12}},"53":{"start":{"line":54,"column":0},"end":{"line":54,"column":19}},"54":{"start":{"line":55,"column":0},"end":{"line":55,"column":23}},"55":{"start":{"line":56,"column":0},"end":{"line":56,"column":35}},"56":{"start":{"line":57,"column":0},"end":{"line":57,"column":30}},"57":{"start":{"line":58,"column":0},"end":{"line":58,"column":15}},"58":{"start":{"line":59,"column":0},"end":{"line":59,"column":11}},"59":{"start":{"line":60,"column":0},"end":{"line":60,"column":8}},"60":{"start":{"line":61,"column":0},"end":{"line":61,"column":7}},"61":{"start":{"line":62,"column":0},"end":{"line":62,"column":29}},"62":{"start":{"line":63,"column":0},"end":{"line":63,"column":45}},"63":{"start":{"line":64,"column":0},"end":{"line":64,"column":36}},"64":{"start":{"line":65,"column":0},"end":{"line":65,"column":29}},"65":{"start":{"line":66,"column":0},"end":{"line":66,"column":28}},"66":{"start":{"line":67,"column":0},"end":{"line":67,"column":21}},"67":{"start":{"line":68,"column":0},"end":{"line":68,"column":15}},"68":{"start":{"line":69,"column":0},"end":{"line":69,"column":40}},"69":{"start":{"line":70,"column":0},"end":{"line":70,"column":29}},"70":{"start":{"line":71,"column":0},"end":{"line":71,"column":15}},"71":{"start":{"line":72,"column":0},"end":{"line":72,"column":12}},"72":{"start":{"line":73,"column":0},"end":{"line":73,"column":19}},"73":{"start":{"line":74,"column":0},"end":{"line":74,"column":23}},"74":{"start":{"line":75,"column":0},"end":{"line":75,"column":35}},"75":{"start":{"line":76,"column":0},"end":{"line":76,"column":30}},"76":{"start":{"line":77,"column":0},"end":{"line":77,"column":15}},"77":{"start":{"line":78,"column":0},"end":{"line":78,"column":11}},"78":{"start":{"line":79,"column":0},"end":{"line":79,"column":7}},"79":{"start":{"line":80,"column":0},"end":{"line":80,"column":4}},"80":{"start":{"line":81,"column":0},"end":{"line":81,"column":21}},"81":{"start":{"line":82,"column":0},"end":{"line":82,"column":28}},"82":{"start":{"line":83,"column":0},"end":{"line":83,"column":18}},"83":{"start":{"line":84,"column":0},"end":{"line":84,"column":19}},"84":{"start":{"line":85,"column":0},"end":{"line":85,"column":19}},"85":{"start":{"line":86,"column":0},"end":{"line":86,"column":19}},"86":{"start":{"line":87,"column":0},"end":{"line":87,"column":18}},"87":{"start":{"line":88,"column":0},"end":{"line":88,"column":8}},"88":{"start":{"line":89,"column":0},"end":{"line":89,"column":22}},"89":{"start":{"line":90,"column":0},"end":{"line":90,"column":23}},"90":{"start":{"line":91,"column":0},"end":{"line":91,"column":21}},"91":{"start":{"line":92,"column":0},"end":{"line":92,"column":8}},"92":{"start":{"line":93,"column":0},"end":{"line":93,"column":26}},"93":{"start":{"line":94,"column":0},"end":{"line":94,"column":22}},"94":{"start":{"line":95,"column":0},"end":{"line":95,"column":27}},"95":{"start":{"line":96,"column":0},"end":{"line":96,"column":43}},"96":{"start":{"line":97,"column":0},"end":{"line":97,"column":11}},"97":{"start":{"line":98,"column":0},"end":{"line":98,"column":7}},"98":{"start":{"line":99,"column":0},"end":{"line":99,"column":4}},"99":{"start":{"line":100,"column":0},"end":{"line":100,"column":18}},"100":{"start":{"line":101,"column":0},"end":{"line":101,"column":18}},"101":{"start":{"line":102,"column":0},"end":{"line":102,"column":25}},"102":{"start":{"line":103,"column":0},"end":{"line":103,"column":41}},"103":{"start":{"line":104,"column":0},"end":{"line":104,"column":44}},"104":{"start":{"line":105,"column":0},"end":{"line":105,"column":192}},"105":{"start":{"line":106,"column":0},"end":{"line":106,"column":32}},"106":{"start":{"line":107,"column":0},"end":{"line":107,"column":31}},"107":{"start":{"line":108,"column":0},"end":{"line":108,"column":47}},"108":{"start":{"line":109,"column":0},"end":{"line":109,"column":47}},"109":{"start":{"line":110,"column":0},"end":{"line":110,"column":19}},"110":{"start":{"line":111,"column":0},"end":{"line":111,"column":11}},"111":{"start":{"line":112,"column":0},"end":{"line":112,"column":34}},"112":{"start":{"line":113,"column":0},"end":{"line":113,"column":35}},"113":{"start":{"line":114,"column":0},"end":{"line":114,"column":12}},"114":{"start":{"line":115,"column":0},"end":{"line":115,"column":11}},"115":{"start":{"line":116,"column":0},"end":{"line":116,"column":41}},"116":{"start":{"line":117,"column":0},"end":{"line":117,"column":27}},"117":{"start":{"line":118,"column":0},"end":{"line":118,"column":12}},"118":{"start":{"line":119,"column":0},"end":{"line":119,"column":11}},"119":{"start":{"line":120,"column":0},"end":{"line":120,"column":34}},"120":{"start":{"line":121,"column":0},"end":{"line":121,"column":37}},"121":{"start":{"line":122,"column":0},"end":{"line":122,"column":11}},"122":{"start":{"line":123,"column":0},"end":{"line":123,"column":7}},"123":{"start":{"line":124,"column":0},"end":{"line":124,"column":3}},"124":{"start":{"line":125,"column":0},"end":{"line":125,"column":1}},"125":{"start":{"line":126,"column":0},"end":{"line":126,"column":28}},"126":{"start":{"line":127,"column":0},"end":{"line":127,"column":14}},"127":{"start":{"line":128,"column":0},"end":{"line":128,"column":21}},"128":{"start":{"line":129,"column":0},"end":{"line":129,"column":37}},"129":{"start":{"line":130,"column":0},"end":{"line":130,"column":40}},"130":{"start":{"line":131,"column":0},"end":{"line":131,"column":188}},"131":{"start":{"line":132,"column":0},"end":{"line":132,"column":28}},"132":{"start":{"line":133,"column":0},"end":{"line":133,"column":27}},"133":{"start":{"line":134,"column":0},"end":{"line":134,"column":43}},"134":{"start":{"line":135,"column":0},"end":{"line":135,"column":43}},"135":{"start":{"line":136,"column":0},"end":{"line":136,"column":15}},"136":{"start":{"line":137,"column":0},"end":{"line":137,"column":7}},"137":{"start":{"line":138,"column":0},"end":{"line":138,"column":30}},"138":{"start":{"line":139,"column":0},"end":{"line":139,"column":31}},"139":{"start":{"line":140,"column":0},"end":{"line":140,"column":8}},"140":{"start":{"line":141,"column":0},"end":{"line":141,"column":7}},"141":{"start":{"line":142,"column":0},"end":{"line":142,"column":37}},"142":{"start":{"line":143,"column":0},"end":{"line":143,"column":23}},"143":{"start":{"line":144,"column":0},"end":{"line":144,"column":8}},"144":{"start":{"line":145,"column":0},"end":{"line":145,"column":7}},"145":{"start":{"line":146,"column":0},"end":{"line":146,"column":30}},"146":{"start":{"line":147,"column":0},"end":{"line":147,"column":33}},"147":{"start":{"line":148,"column":0},"end":{"line":148,"column":7}},"148":{"start":{"line":149,"column":0},"end":{"line":149,"column":3}},"149":{"start":{"line":150,"column":0},"end":{"line":150,"column":1}},"150":{"start":{"line":151,"column":0},"end":{"line":151,"column":35}},"151":{"start":{"line":152,"column":0},"end":{"line":152,"column":3}},"152":{"start":{"line":153,"column":0},"end":{"line":153,"column":28}},"153":{"start":{"line":154,"column":0},"end":{"line":154,"column":18}},"154":{"start":{"line":155,"column":0},"end":{"line":155,"column":11}},"155":{"start":{"line":156,"column":0},"end":{"line":156,"column":33}},"156":{"start":{"line":157,"column":0},"end":{"line":157,"column":51}},"157":{"start":{"line":158,"column":0},"end":{"line":158,"column":40}},"158":{"start":{"line":159,"column":0},"end":{"line":159,"column":33}},"159":{"start":{"line":160,"column":0},"end":{"line":160,"column":32}},"160":{"start":{"line":161,"column":0},"end":{"line":161,"column":25}},"161":{"start":{"line":162,"column":0},"end":{"line":162,"column":19}},"162":{"start":{"line":163,"column":0},"end":{"line":163,"column":44}},"163":{"start":{"line":164,"column":0},"end":{"line":164,"column":33}},"164":{"start":{"line":165,"column":0},"end":{"line":165,"column":19}},"165":{"start":{"line":166,"column":0},"end":{"line":166,"column":16}},"166":{"start":{"line":167,"column":0},"end":{"line":167,"column":23}},"167":{"start":{"line":168,"column":0},"end":{"line":168,"column":27}},"168":{"start":{"line":169,"column":0},"end":{"line":169,"column":39}},"169":{"start":{"line":170,"column":0},"end":{"line":170,"column":34}},"170":{"start":{"line":171,"column":0},"end":{"line":171,"column":19}},"171":{"start":{"line":172,"column":0},"end":{"line":172,"column":15}},"172":{"start":{"line":173,"column":0},"end":{"line":173,"column":12}},"173":{"start":{"line":174,"column":0},"end":{"line":174,"column":11}},"174":{"start":{"line":175,"column":0},"end":{"line":175,"column":33}},"175":{"start":{"line":176,"column":0},"end":{"line":176,"column":50}},"176":{"start":{"line":177,"column":0},"end":{"line":177,"column":40}},"177":{"start":{"line":178,"column":0},"end":{"line":178,"column":33}},"178":{"start":{"line":179,"column":0},"end":{"line":179,"column":31}},"179":{"start":{"line":180,"column":0},"end":{"line":180,"column":25}},"180":{"start":{"line":181,"column":0},"end":{"line":181,"column":19}},"181":{"start":{"line":182,"column":0},"end":{"line":182,"column":44}},"182":{"start":{"line":183,"column":0},"end":{"line":183,"column":33}},"183":{"start":{"line":184,"column":0},"end":{"line":184,"column":19}},"184":{"start":{"line":185,"column":0},"end":{"line":185,"column":16}},"185":{"start":{"line":186,"column":0},"end":{"line":186,"column":23}},"186":{"start":{"line":187,"column":0},"end":{"line":187,"column":27}},"187":{"start":{"line":188,"column":0},"end":{"line":188,"column":39}},"188":{"start":{"line":189,"column":0},"end":{"line":189,"column":34}},"189":{"start":{"line":190,"column":0},"end":{"line":190,"column":19}},"190":{"start":{"line":191,"column":0},"end":{"line":191,"column":15}},"191":{"start":{"line":192,"column":0},"end":{"line":192,"column":12}},"192":{"start":{"line":193,"column":0},"end":{"line":193,"column":11}},"193":{"start":{"line":194,"column":0},"end":{"line":194,"column":33}},"194":{"start":{"line":195,"column":0},"end":{"line":195,"column":50}},"195":{"start":{"line":196,"column":0},"end":{"line":196,"column":40}},"196":{"start":{"line":197,"column":0},"end":{"line":197,"column":33}},"197":{"start":{"line":198,"column":0},"end":{"line":198,"column":32}},"198":{"start":{"line":199,"column":0},"end":{"line":199,"column":25}},"199":{"start":{"line":200,"column":0},"end":{"line":200,"column":19}},"200":{"start":{"line":201,"column":0},"end":{"line":201,"column":44}},"201":{"start":{"line":202,"column":0},"end":{"line":202,"column":33}},"202":{"start":{"line":203,"column":0},"end":{"line":203,"column":19}},"203":{"start":{"line":204,"column":0},"end":{"line":204,"column":16}},"204":{"start":{"line":205,"column":0},"end":{"line":205,"column":23}},"205":{"start":{"line":206,"column":0},"end":{"line":206,"column":27}},"206":{"start":{"line":207,"column":0},"end":{"line":207,"column":39}},"207":{"start":{"line":208,"column":0},"end":{"line":208,"column":34}},"208":{"start":{"line":209,"column":0},"end":{"line":209,"column":19}},"209":{"start":{"line":210,"column":0},"end":{"line":210,"column":15}},"210":{"start":{"line":211,"column":0},"end":{"line":211,"column":12}},"211":{"start":{"line":212,"column":0},"end":{"line":212,"column":11}},"212":{"start":{"line":213,"column":0},"end":{"line":213,"column":33}},"213":{"start":{"line":214,"column":0},"end":{"line":214,"column":49}},"214":{"start":{"line":215,"column":0},"end":{"line":215,"column":40}},"215":{"start":{"line":216,"column":0},"end":{"line":216,"column":33}},"216":{"start":{"line":217,"column":0},"end":{"line":217,"column":32}},"217":{"start":{"line":218,"column":0},"end":{"line":218,"column":25}},"218":{"start":{"line":219,"column":0},"end":{"line":219,"column":19}},"219":{"start":{"line":220,"column":0},"end":{"line":220,"column":44}},"220":{"start":{"line":221,"column":0},"end":{"line":221,"column":33}},"221":{"start":{"line":222,"column":0},"end":{"line":222,"column":19}},"222":{"start":{"line":223,"column":0},"end":{"line":223,"column":16}},"223":{"start":{"line":224,"column":0},"end":{"line":224,"column":23}},"224":{"start":{"line":225,"column":0},"end":{"line":225,"column":27}},"225":{"start":{"line":226,"column":0},"end":{"line":226,"column":39}},"226":{"start":{"line":227,"column":0},"end":{"line":227,"column":34}},"227":{"start":{"line":228,"column":0},"end":{"line":228,"column":19}},"228":{"start":{"line":229,"column":0},"end":{"line":229,"column":15}},"229":{"start":{"line":230,"column":0},"end":{"line":230,"column":11}},"230":{"start":{"line":231,"column":0},"end":{"line":231,"column":8}},"231":{"start":{"line":232,"column":0},"end":{"line":232,"column":25}},"232":{"start":{"line":233,"column":0},"end":{"line":233,"column":32}},"233":{"start":{"line":234,"column":0},"end":{"line":234,"column":22}},"234":{"start":{"line":235,"column":0},"end":{"line":235,"column":23}},"235":{"start":{"line":236,"column":0},"end":{"line":236,"column":23}},"236":{"start":{"line":237,"column":0},"end":{"line":237,"column":23}},"237":{"start":{"line":238,"column":0},"end":{"line":238,"column":22}},"238":{"start":{"line":239,"column":0},"end":{"line":239,"column":12}},"239":{"start":{"line":240,"column":0},"end":{"line":240,"column":26}},"240":{"start":{"line":241,"column":0},"end":{"line":241,"column":27}},"241":{"start":{"line":242,"column":0},"end":{"line":242,"column":25}},"242":{"start":{"line":243,"column":0},"end":{"line":243,"column":12}},"243":{"start":{"line":244,"column":0},"end":{"line":244,"column":30}},"244":{"start":{"line":245,"column":0},"end":{"line":245,"column":26}},"245":{"start":{"line":246,"column":0},"end":{"line":246,"column":31}},"246":{"start":{"line":247,"column":0},"end":{"line":247,"column":47}},"247":{"start":{"line":248,"column":0},"end":{"line":248,"column":15}},"248":{"start":{"line":249,"column":0},"end":{"line":249,"column":11}},"249":{"start":{"line":250,"column":0},"end":{"line":250,"column":8}},"250":{"start":{"line":251,"column":0},"end":{"line":251,"column":22}},"251":{"start":{"line":252,"column":0},"end":{"line":252,"column":22}},"252":{"start":{"line":253,"column":0},"end":{"line":253,"column":29}},"253":{"start":{"line":254,"column":0},"end":{"line":254,"column":45}},"254":{"start":{"line":255,"column":0},"end":{"line":255,"column":48}},"255":{"start":{"line":256,"column":0},"end":{"line":256,"column":196}},"256":{"start":{"line":257,"column":0},"end":{"line":257,"column":36}},"257":{"start":{"line":258,"column":0},"end":{"line":258,"column":35}},"258":{"start":{"line":259,"column":0},"end":{"line":259,"column":51}},"259":{"start":{"line":260,"column":0},"end":{"line":260,"column":51}},"260":{"start":{"line":261,"column":0},"end":{"line":261,"column":23}},"261":{"start":{"line":262,"column":0},"end":{"line":262,"column":15}},"262":{"start":{"line":263,"column":0},"end":{"line":263,"column":38}},"263":{"start":{"line":264,"column":0},"end":{"line":264,"column":39}},"264":{"start":{"line":265,"column":0},"end":{"line":265,"column":16}},"265":{"start":{"line":266,"column":0},"end":{"line":266,"column":15}},"266":{"start":{"line":267,"column":0},"end":{"line":267,"column":45}},"267":{"start":{"line":268,"column":0},"end":{"line":268,"column":31}},"268":{"start":{"line":269,"column":0},"end":{"line":269,"column":16}},"269":{"start":{"line":270,"column":0},"end":{"line":270,"column":15}},"270":{"start":{"line":271,"column":0},"end":{"line":271,"column":38}},"271":{"start":{"line":272,"column":0},"end":{"line":272,"column":41}},"272":{"start":{"line":273,"column":0},"end":{"line":273,"column":15}},"273":{"start":{"line":274,"column":0},"end":{"line":274,"column":11}},"274":{"start":{"line":275,"column":0},"end":{"line":275,"column":7}},"275":{"start":{"line":276,"column":0},"end":{"line":276,"column":4}},"276":{"start":{"line":277,"column":0},"end":{"line":277,"column":3}},"277":{"start":{"line":278,"column":0},"end":{"line":278,"column":28}},"278":{"start":{"line":279,"column":0},"end":{"line":279,"column":18}},"279":{"start":{"line":280,"column":0},"end":{"line":280,"column":11}},"280":{"start":{"line":281,"column":0},"end":{"line":281,"column":33}},"281":{"start":{"line":282,"column":0},"end":{"line":282,"column":30}},"282":{"start":{"line":283,"column":0},"end":{"line":283,"column":40}},"283":{"start":{"line":284,"column":0},"end":{"line":284,"column":33}},"284":{"start":{"line":285,"column":0},"end":{"line":285,"column":31}},"285":{"start":{"line":286,"column":0},"end":{"line":286,"column":25}},"286":{"start":{"line":287,"column":0},"end":{"line":287,"column":19}},"287":{"start":{"line":288,"column":0},"end":{"line":288,"column":172}},"288":{"start":{"line":289,"column":0},"end":{"line":289,"column":161}},"289":{"start":{"line":290,"column":0},"end":{"line":290,"column":20}},"290":{"start":{"line":291,"column":0},"end":{"line":291,"column":19}},"291":{"start":{"line":292,"column":0},"end":{"line":292,"column":175}},"292":{"start":{"line":293,"column":0},"end":{"line":293,"column":165}},"293":{"start":{"line":294,"column":0},"end":{"line":294,"column":20}},"294":{"start":{"line":295,"column":0},"end":{"line":295,"column":19}},"295":{"start":{"line":296,"column":0},"end":{"line":296,"column":172}},"296":{"start":{"line":297,"column":0},"end":{"line":297,"column":161}},"297":{"start":{"line":298,"column":0},"end":{"line":298,"column":20}},"298":{"start":{"line":299,"column":0},"end":{"line":299,"column":19}},"299":{"start":{"line":300,"column":0},"end":{"line":300,"column":175}},"300":{"start":{"line":301,"column":0},"end":{"line":301,"column":164}},"301":{"start":{"line":302,"column":0},"end":{"line":302,"column":20}},"302":{"start":{"line":303,"column":0},"end":{"line":303,"column":19}},"303":{"start":{"line":304,"column":0},"end":{"line":304,"column":172}},"304":{"start":{"line":305,"column":0},"end":{"line":305,"column":162}},"305":{"start":{"line":306,"column":0},"end":{"line":306,"column":20}},"306":{"start":{"line":307,"column":0},"end":{"line":307,"column":19}},"307":{"start":{"line":308,"column":0},"end":{"line":308,"column":172}},"308":{"start":{"line":309,"column":0},"end":{"line":309,"column":161}},"309":{"start":{"line":310,"column":0},"end":{"line":310,"column":19}},"310":{"start":{"line":311,"column":0},"end":{"line":311,"column":16}},"311":{"start":{"line":312,"column":0},"end":{"line":312,"column":23}},"312":{"start":{"line":313,"column":0},"end":{"line":313,"column":30}},"313":{"start":{"line":314,"column":0},"end":{"line":314,"column":36}},"314":{"start":{"line":315,"column":0},"end":{"line":315,"column":34}},"315":{"start":{"line":316,"column":0},"end":{"line":316,"column":20}},"316":{"start":{"line":317,"column":0},"end":{"line":317,"column":30}},"317":{"start":{"line":318,"column":0},"end":{"line":318,"column":37}},"318":{"start":{"line":319,"column":0},"end":{"line":319,"column":33}},"319":{"start":{"line":320,"column":0},"end":{"line":320,"column":20}},"320":{"start":{"line":321,"column":0},"end":{"line":321,"column":30}},"321":{"start":{"line":322,"column":0},"end":{"line":322,"column":37}},"322":{"start":{"line":323,"column":0},"end":{"line":323,"column":33}},"323":{"start":{"line":324,"column":0},"end":{"line":324,"column":20}},"324":{"start":{"line":325,"column":0},"end":{"line":325,"column":30}},"325":{"start":{"line":326,"column":0},"end":{"line":326,"column":37}},"326":{"start":{"line":327,"column":0},"end":{"line":327,"column":33}},"327":{"start":{"line":328,"column":0},"end":{"line":328,"column":20}},"328":{"start":{"line":329,"column":0},"end":{"line":329,"column":30}},"329":{"start":{"line":330,"column":0},"end":{"line":330,"column":37}},"330":{"start":{"line":331,"column":0},"end":{"line":331,"column":34}},"331":{"start":{"line":332,"column":0},"end":{"line":332,"column":20}},"332":{"start":{"line":333,"column":0},"end":{"line":333,"column":30}},"333":{"start":{"line":334,"column":0},"end":{"line":334,"column":36}},"334":{"start":{"line":335,"column":0},"end":{"line":335,"column":35}},"335":{"start":{"line":336,"column":0},"end":{"line":336,"column":19}},"336":{"start":{"line":337,"column":0},"end":{"line":337,"column":15}},"337":{"start":{"line":338,"column":0},"end":{"line":338,"column":12}},"338":{"start":{"line":339,"column":0},"end":{"line":339,"column":11}},"339":{"start":{"line":340,"column":0},"end":{"line":340,"column":33}},"340":{"start":{"line":341,"column":0},"end":{"line":341,"column":29}},"341":{"start":{"line":342,"column":0},"end":{"line":342,"column":40}},"342":{"start":{"line":343,"column":0},"end":{"line":343,"column":33}},"343":{"start":{"line":344,"column":0},"end":{"line":344,"column":32}},"344":{"start":{"line":345,"column":0},"end":{"line":345,"column":25}},"345":{"start":{"line":346,"column":0},"end":{"line":346,"column":19}},"346":{"start":{"line":347,"column":0},"end":{"line":347,"column":172}},"347":{"start":{"line":348,"column":0},"end":{"line":348,"column":162}},"348":{"start":{"line":349,"column":0},"end":{"line":349,"column":20}},"349":{"start":{"line":350,"column":0},"end":{"line":350,"column":19}},"350":{"start":{"line":351,"column":0},"end":{"line":351,"column":146}},"351":{"start":{"line":352,"column":0},"end":{"line":352,"column":136}},"352":{"start":{"line":353,"column":0},"end":{"line":353,"column":20}},"353":{"start":{"line":354,"column":0},"end":{"line":354,"column":19}},"354":{"start":{"line":355,"column":0},"end":{"line":355,"column":146}},"355":{"start":{"line":356,"column":0},"end":{"line":356,"column":136}},"356":{"start":{"line":357,"column":0},"end":{"line":357,"column":20}},"357":{"start":{"line":358,"column":0},"end":{"line":358,"column":19}},"358":{"start":{"line":359,"column":0},"end":{"line":359,"column":172}},"359":{"start":{"line":360,"column":0},"end":{"line":360,"column":162}},"360":{"start":{"line":361,"column":0},"end":{"line":361,"column":20}},"361":{"start":{"line":362,"column":0},"end":{"line":362,"column":19}},"362":{"start":{"line":363,"column":0},"end":{"line":363,"column":175}},"363":{"start":{"line":364,"column":0},"end":{"line":364,"column":164}},"364":{"start":{"line":365,"column":0},"end":{"line":365,"column":20}},"365":{"start":{"line":366,"column":0},"end":{"line":366,"column":19}},"366":{"start":{"line":367,"column":0},"end":{"line":367,"column":175}},"367":{"start":{"line":368,"column":0},"end":{"line":368,"column":165}},"368":{"start":{"line":369,"column":0},"end":{"line":369,"column":19}},"369":{"start":{"line":370,"column":0},"end":{"line":370,"column":16}},"370":{"start":{"line":371,"column":0},"end":{"line":371,"column":23}},"371":{"start":{"line":372,"column":0},"end":{"line":372,"column":30}},"372":{"start":{"line":373,"column":0},"end":{"line":373,"column":36}},"373":{"start":{"line":374,"column":0},"end":{"line":374,"column":34}},"374":{"start":{"line":375,"column":0},"end":{"line":375,"column":20}},"375":{"start":{"line":376,"column":0},"end":{"line":376,"column":30}},"376":{"start":{"line":377,"column":0},"end":{"line":377,"column":37}},"377":{"start":{"line":378,"column":0},"end":{"line":378,"column":33}},"378":{"start":{"line":379,"column":0},"end":{"line":379,"column":20}},"379":{"start":{"line":380,"column":0},"end":{"line":380,"column":30}},"380":{"start":{"line":381,"column":0},"end":{"line":381,"column":37}},"381":{"start":{"line":382,"column":0},"end":{"line":382,"column":33}},"382":{"start":{"line":383,"column":0},"end":{"line":383,"column":20}},"383":{"start":{"line":384,"column":0},"end":{"line":384,"column":30}},"384":{"start":{"line":385,"column":0},"end":{"line":385,"column":37}},"385":{"start":{"line":386,"column":0},"end":{"line":386,"column":33}},"386":{"start":{"line":387,"column":0},"end":{"line":387,"column":20}},"387":{"start":{"line":388,"column":0},"end":{"line":388,"column":30}},"388":{"start":{"line":389,"column":0},"end":{"line":389,"column":37}},"389":{"start":{"line":390,"column":0},"end":{"line":390,"column":34}},"390":{"start":{"line":391,"column":0},"end":{"line":391,"column":20}},"391":{"start":{"line":392,"column":0},"end":{"line":392,"column":30}},"392":{"start":{"line":393,"column":0},"end":{"line":393,"column":36}},"393":{"start":{"line":394,"column":0},"end":{"line":394,"column":35}},"394":{"start":{"line":395,"column":0},"end":{"line":395,"column":19}},"395":{"start":{"line":396,"column":0},"end":{"line":396,"column":15}},"396":{"start":{"line":397,"column":0},"end":{"line":397,"column":12}},"397":{"start":{"line":398,"column":0},"end":{"line":398,"column":11}},"398":{"start":{"line":399,"column":0},"end":{"line":399,"column":33}},"399":{"start":{"line":400,"column":0},"end":{"line":400,"column":34}},"400":{"start":{"line":401,"column":0},"end":{"line":401,"column":40}},"401":{"start":{"line":402,"column":0},"end":{"line":402,"column":36}},"402":{"start":{"line":403,"column":0},"end":{"line":403,"column":32}},"403":{"start":{"line":404,"column":0},"end":{"line":404,"column":25}},"404":{"start":{"line":405,"column":0},"end":{"line":405,"column":19}},"405":{"start":{"line":406,"column":0},"end":{"line":406,"column":175}},"406":{"start":{"line":407,"column":0},"end":{"line":407,"column":165}},"407":{"start":{"line":408,"column":0},"end":{"line":408,"column":20}},"408":{"start":{"line":409,"column":0},"end":{"line":409,"column":19}},"409":{"start":{"line":410,"column":0},"end":{"line":410,"column":175}},"410":{"start":{"line":411,"column":0},"end":{"line":411,"column":165}},"411":{"start":{"line":412,"column":0},"end":{"line":412,"column":20}},"412":{"start":{"line":413,"column":0},"end":{"line":413,"column":19}},"413":{"start":{"line":414,"column":0},"end":{"line":414,"column":149}},"414":{"start":{"line":415,"column":0},"end":{"line":415,"column":139}},"415":{"start":{"line":416,"column":0},"end":{"line":416,"column":20}},"416":{"start":{"line":417,"column":0},"end":{"line":417,"column":19}},"417":{"start":{"line":418,"column":0},"end":{"line":418,"column":175}},"418":{"start":{"line":419,"column":0},"end":{"line":419,"column":164}},"419":{"start":{"line":420,"column":0},"end":{"line":420,"column":20}},"420":{"start":{"line":421,"column":0},"end":{"line":421,"column":19}},"421":{"start":{"line":422,"column":0},"end":{"line":422,"column":175}},"422":{"start":{"line":423,"column":0},"end":{"line":423,"column":165}},"423":{"start":{"line":424,"column":0},"end":{"line":424,"column":20}},"424":{"start":{"line":425,"column":0},"end":{"line":425,"column":19}},"425":{"start":{"line":426,"column":0},"end":{"line":426,"column":175}},"426":{"start":{"line":427,"column":0},"end":{"line":427,"column":164}},"427":{"start":{"line":428,"column":0},"end":{"line":428,"column":19}},"428":{"start":{"line":429,"column":0},"end":{"line":429,"column":16}},"429":{"start":{"line":430,"column":0},"end":{"line":430,"column":23}},"430":{"start":{"line":431,"column":0},"end":{"line":431,"column":30}},"431":{"start":{"line":432,"column":0},"end":{"line":432,"column":36}},"432":{"start":{"line":433,"column":0},"end":{"line":433,"column":34}},"433":{"start":{"line":434,"column":0},"end":{"line":434,"column":20}},"434":{"start":{"line":435,"column":0},"end":{"line":435,"column":30}},"435":{"start":{"line":436,"column":0},"end":{"line":436,"column":37}},"436":{"start":{"line":437,"column":0},"end":{"line":437,"column":33}},"437":{"start":{"line":438,"column":0},"end":{"line":438,"column":20}},"438":{"start":{"line":439,"column":0},"end":{"line":439,"column":30}},"439":{"start":{"line":440,"column":0},"end":{"line":440,"column":37}},"440":{"start":{"line":441,"column":0},"end":{"line":441,"column":33}},"441":{"start":{"line":442,"column":0},"end":{"line":442,"column":20}},"442":{"start":{"line":443,"column":0},"end":{"line":443,"column":30}},"443":{"start":{"line":444,"column":0},"end":{"line":444,"column":37}},"444":{"start":{"line":445,"column":0},"end":{"line":445,"column":33}},"445":{"start":{"line":446,"column":0},"end":{"line":446,"column":20}},"446":{"start":{"line":447,"column":0},"end":{"line":447,"column":30}},"447":{"start":{"line":448,"column":0},"end":{"line":448,"column":37}},"448":{"start":{"line":449,"column":0},"end":{"line":449,"column":34}},"449":{"start":{"line":450,"column":0},"end":{"line":450,"column":20}},"450":{"start":{"line":451,"column":0},"end":{"line":451,"column":30}},"451":{"start":{"line":452,"column":0},"end":{"line":452,"column":36}},"452":{"start":{"line":453,"column":0},"end":{"line":453,"column":35}},"453":{"start":{"line":454,"column":0},"end":{"line":454,"column":19}},"454":{"start":{"line":455,"column":0},"end":{"line":455,"column":15}},"455":{"start":{"line":456,"column":0},"end":{"line":456,"column":12}},"456":{"start":{"line":457,"column":0},"end":{"line":457,"column":11}},"457":{"start":{"line":458,"column":0},"end":{"line":458,"column":33}},"458":{"start":{"line":459,"column":0},"end":{"line":459,"column":31}},"459":{"start":{"line":460,"column":0},"end":{"line":460,"column":40}},"460":{"start":{"line":461,"column":0},"end":{"line":461,"column":36}},"461":{"start":{"line":462,"column":0},"end":{"line":462,"column":32}},"462":{"start":{"line":463,"column":0},"end":{"line":463,"column":25}},"463":{"start":{"line":464,"column":0},"end":{"line":464,"column":19}},"464":{"start":{"line":465,"column":0},"end":{"line":465,"column":175}},"465":{"start":{"line":466,"column":0},"end":{"line":466,"column":164}},"466":{"start":{"line":467,"column":0},"end":{"line":467,"column":20}},"467":{"start":{"line":468,"column":0},"end":{"line":468,"column":19}},"468":{"start":{"line":469,"column":0},"end":{"line":469,"column":175}},"469":{"start":{"line":470,"column":0},"end":{"line":470,"column":164}},"470":{"start":{"line":471,"column":0},"end":{"line":471,"column":20}},"471":{"start":{"line":472,"column":0},"end":{"line":472,"column":19}},"472":{"start":{"line":473,"column":0},"end":{"line":473,"column":175}},"473":{"start":{"line":474,"column":0},"end":{"line":474,"column":165}},"474":{"start":{"line":475,"column":0},"end":{"line":475,"column":20}},"475":{"start":{"line":476,"column":0},"end":{"line":476,"column":19}},"476":{"start":{"line":477,"column":0},"end":{"line":477,"column":172}},"477":{"start":{"line":478,"column":0},"end":{"line":478,"column":162}},"478":{"start":{"line":479,"column":0},"end":{"line":479,"column":20}},"479":{"start":{"line":480,"column":0},"end":{"line":480,"column":19}},"480":{"start":{"line":481,"column":0},"end":{"line":481,"column":172}},"481":{"start":{"line":482,"column":0},"end":{"line":482,"column":162}},"482":{"start":{"line":483,"column":0},"end":{"line":483,"column":20}},"483":{"start":{"line":484,"column":0},"end":{"line":484,"column":19}},"484":{"start":{"line":485,"column":0},"end":{"line":485,"column":175}},"485":{"start":{"line":486,"column":0},"end":{"line":486,"column":164}},"486":{"start":{"line":487,"column":0},"end":{"line":487,"column":19}},"487":{"start":{"line":488,"column":0},"end":{"line":488,"column":16}},"488":{"start":{"line":489,"column":0},"end":{"line":489,"column":23}},"489":{"start":{"line":490,"column":0},"end":{"line":490,"column":30}},"490":{"start":{"line":491,"column":0},"end":{"line":491,"column":36}},"491":{"start":{"line":492,"column":0},"end":{"line":492,"column":34}},"492":{"start":{"line":493,"column":0},"end":{"line":493,"column":20}},"493":{"start":{"line":494,"column":0},"end":{"line":494,"column":30}},"494":{"start":{"line":495,"column":0},"end":{"line":495,"column":37}},"495":{"start":{"line":496,"column":0},"end":{"line":496,"column":33}},"496":{"start":{"line":497,"column":0},"end":{"line":497,"column":20}},"497":{"start":{"line":498,"column":0},"end":{"line":498,"column":30}},"498":{"start":{"line":499,"column":0},"end":{"line":499,"column":37}},"499":{"start":{"line":500,"column":0},"end":{"line":500,"column":33}},"500":{"start":{"line":501,"column":0},"end":{"line":501,"column":20}},"501":{"start":{"line":502,"column":0},"end":{"line":502,"column":30}},"502":{"start":{"line":503,"column":0},"end":{"line":503,"column":37}},"503":{"start":{"line":504,"column":0},"end":{"line":504,"column":33}},"504":{"start":{"line":505,"column":0},"end":{"line":505,"column":20}},"505":{"start":{"line":506,"column":0},"end":{"line":506,"column":30}},"506":{"start":{"line":507,"column":0},"end":{"line":507,"column":37}},"507":{"start":{"line":508,"column":0},"end":{"line":508,"column":34}},"508":{"start":{"line":509,"column":0},"end":{"line":509,"column":20}},"509":{"start":{"line":510,"column":0},"end":{"line":510,"column":30}},"510":{"start":{"line":511,"column":0},"end":{"line":511,"column":36}},"511":{"start":{"line":512,"column":0},"end":{"line":512,"column":35}},"512":{"start":{"line":513,"column":0},"end":{"line":513,"column":19}},"513":{"start":{"line":514,"column":0},"end":{"line":514,"column":15}},"514":{"start":{"line":515,"column":0},"end":{"line":515,"column":12}},"515":{"start":{"line":516,"column":0},"end":{"line":516,"column":11}},"516":{"start":{"line":517,"column":0},"end":{"line":517,"column":33}},"517":{"start":{"line":518,"column":0},"end":{"line":518,"column":35}},"518":{"start":{"line":519,"column":0},"end":{"line":519,"column":40}},"519":{"start":{"line":520,"column":0},"end":{"line":520,"column":36}},"520":{"start":{"line":521,"column":0},"end":{"line":521,"column":32}},"521":{"start":{"line":522,"column":0},"end":{"line":522,"column":25}},"522":{"start":{"line":523,"column":0},"end":{"line":523,"column":19}},"523":{"start":{"line":524,"column":0},"end":{"line":524,"column":175}},"524":{"start":{"line":525,"column":0},"end":{"line":525,"column":165}},"525":{"start":{"line":526,"column":0},"end":{"line":526,"column":20}},"526":{"start":{"line":527,"column":0},"end":{"line":527,"column":19}},"527":{"start":{"line":528,"column":0},"end":{"line":528,"column":175}},"528":{"start":{"line":529,"column":0},"end":{"line":529,"column":165}},"529":{"start":{"line":530,"column":0},"end":{"line":530,"column":20}},"530":{"start":{"line":531,"column":0},"end":{"line":531,"column":19}},"531":{"start":{"line":532,"column":0},"end":{"line":532,"column":149}},"532":{"start":{"line":533,"column":0},"end":{"line":533,"column":139}},"533":{"start":{"line":534,"column":0},"end":{"line":534,"column":20}},"534":{"start":{"line":535,"column":0},"end":{"line":535,"column":19}},"535":{"start":{"line":536,"column":0},"end":{"line":536,"column":175}},"536":{"start":{"line":537,"column":0},"end":{"line":537,"column":164}},"537":{"start":{"line":538,"column":0},"end":{"line":538,"column":20}},"538":{"start":{"line":539,"column":0},"end":{"line":539,"column":19}},"539":{"start":{"line":540,"column":0},"end":{"line":540,"column":175}},"540":{"start":{"line":541,"column":0},"end":{"line":541,"column":165}},"541":{"start":{"line":542,"column":0},"end":{"line":542,"column":20}},"542":{"start":{"line":543,"column":0},"end":{"line":543,"column":19}},"543":{"start":{"line":544,"column":0},"end":{"line":544,"column":175}},"544":{"start":{"line":545,"column":0},"end":{"line":545,"column":164}},"545":{"start":{"line":546,"column":0},"end":{"line":546,"column":19}},"546":{"start":{"line":547,"column":0},"end":{"line":547,"column":16}},"547":{"start":{"line":548,"column":0},"end":{"line":548,"column":23}},"548":{"start":{"line":549,"column":0},"end":{"line":549,"column":30}},"549":{"start":{"line":550,"column":0},"end":{"line":550,"column":36}},"550":{"start":{"line":551,"column":0},"end":{"line":551,"column":34}},"551":{"start":{"line":552,"column":0},"end":{"line":552,"column":20}},"552":{"start":{"line":553,"column":0},"end":{"line":553,"column":30}},"553":{"start":{"line":554,"column":0},"end":{"line":554,"column":37}},"554":{"start":{"line":555,"column":0},"end":{"line":555,"column":33}},"555":{"start":{"line":556,"column":0},"end":{"line":556,"column":20}},"556":{"start":{"line":557,"column":0},"end":{"line":557,"column":30}},"557":{"start":{"line":558,"column":0},"end":{"line":558,"column":37}},"558":{"start":{"line":559,"column":0},"end":{"line":559,"column":33}},"559":{"start":{"line":560,"column":0},"end":{"line":560,"column":20}},"560":{"start":{"line":561,"column":0},"end":{"line":561,"column":30}},"561":{"start":{"line":562,"column":0},"end":{"line":562,"column":37}},"562":{"start":{"line":563,"column":0},"end":{"line":563,"column":33}},"563":{"start":{"line":564,"column":0},"end":{"line":564,"column":20}},"564":{"start":{"line":565,"column":0},"end":{"line":565,"column":30}},"565":{"start":{"line":566,"column":0},"end":{"line":566,"column":37}},"566":{"start":{"line":567,"column":0},"end":{"line":567,"column":34}},"567":{"start":{"line":568,"column":0},"end":{"line":568,"column":20}},"568":{"start":{"line":569,"column":0},"end":{"line":569,"column":30}},"569":{"start":{"line":570,"column":0},"end":{"line":570,"column":36}},"570":{"start":{"line":571,"column":0},"end":{"line":571,"column":35}},"571":{"start":{"line":572,"column":0},"end":{"line":572,"column":19}},"572":{"start":{"line":573,"column":0},"end":{"line":573,"column":15}},"573":{"start":{"line":574,"column":0},"end":{"line":574,"column":12}},"574":{"start":{"line":575,"column":0},"end":{"line":575,"column":11}},"575":{"start":{"line":576,"column":0},"end":{"line":576,"column":33}},"576":{"start":{"line":577,"column":0},"end":{"line":577,"column":30}},"577":{"start":{"line":578,"column":0},"end":{"line":578,"column":40}},"578":{"start":{"line":579,"column":0},"end":{"line":579,"column":33}},"579":{"start":{"line":580,"column":0},"end":{"line":580,"column":32}},"580":{"start":{"line":581,"column":0},"end":{"line":581,"column":25}},"581":{"start":{"line":582,"column":0},"end":{"line":582,"column":19}},"582":{"start":{"line":583,"column":0},"end":{"line":583,"column":175}},"583":{"start":{"line":584,"column":0},"end":{"line":584,"column":165}},"584":{"start":{"line":585,"column":0},"end":{"line":585,"column":20}},"585":{"start":{"line":586,"column":0},"end":{"line":586,"column":19}},"586":{"start":{"line":587,"column":0},"end":{"line":587,"column":172}},"587":{"start":{"line":588,"column":0},"end":{"line":588,"column":161}},"588":{"start":{"line":589,"column":0},"end":{"line":589,"column":20}},"589":{"start":{"line":590,"column":0},"end":{"line":590,"column":19}},"590":{"start":{"line":591,"column":0},"end":{"line":591,"column":149}},"591":{"start":{"line":592,"column":0},"end":{"line":592,"column":138}},"592":{"start":{"line":593,"column":0},"end":{"line":593,"column":20}},"593":{"start":{"line":594,"column":0},"end":{"line":594,"column":19}},"594":{"start":{"line":595,"column":0},"end":{"line":595,"column":175}},"595":{"start":{"line":596,"column":0},"end":{"line":596,"column":165}},"596":{"start":{"line":597,"column":0},"end":{"line":597,"column":20}},"597":{"start":{"line":598,"column":0},"end":{"line":598,"column":19}},"598":{"start":{"line":599,"column":0},"end":{"line":599,"column":172}},"599":{"start":{"line":600,"column":0},"end":{"line":600,"column":161}},"600":{"start":{"line":601,"column":0},"end":{"line":601,"column":20}},"601":{"start":{"line":602,"column":0},"end":{"line":602,"column":19}},"602":{"start":{"line":603,"column":0},"end":{"line":603,"column":175}},"603":{"start":{"line":604,"column":0},"end":{"line":604,"column":165}},"604":{"start":{"line":605,"column":0},"end":{"line":605,"column":19}},"605":{"start":{"line":606,"column":0},"end":{"line":606,"column":16}},"606":{"start":{"line":607,"column":0},"end":{"line":607,"column":23}},"607":{"start":{"line":608,"column":0},"end":{"line":608,"column":30}},"608":{"start":{"line":609,"column":0},"end":{"line":609,"column":36}},"609":{"start":{"line":610,"column":0},"end":{"line":610,"column":34}},"610":{"start":{"line":611,"column":0},"end":{"line":611,"column":20}},"611":{"start":{"line":612,"column":0},"end":{"line":612,"column":30}},"612":{"start":{"line":613,"column":0},"end":{"line":613,"column":37}},"613":{"start":{"line":614,"column":0},"end":{"line":614,"column":33}},"614":{"start":{"line":615,"column":0},"end":{"line":615,"column":20}},"615":{"start":{"line":616,"column":0},"end":{"line":616,"column":30}},"616":{"start":{"line":617,"column":0},"end":{"line":617,"column":37}},"617":{"start":{"line":618,"column":0},"end":{"line":618,"column":33}},"618":{"start":{"line":619,"column":0},"end":{"line":619,"column":20}},"619":{"start":{"line":620,"column":0},"end":{"line":620,"column":30}},"620":{"start":{"line":621,"column":0},"end":{"line":621,"column":37}},"621":{"start":{"line":622,"column":0},"end":{"line":622,"column":33}},"622":{"start":{"line":623,"column":0},"end":{"line":623,"column":20}},"623":{"start":{"line":624,"column":0},"end":{"line":624,"column":30}},"624":{"start":{"line":625,"column":0},"end":{"line":625,"column":37}},"625":{"start":{"line":626,"column":0},"end":{"line":626,"column":34}},"626":{"start":{"line":627,"column":0},"end":{"line":627,"column":20}},"627":{"start":{"line":628,"column":0},"end":{"line":628,"column":30}},"628":{"start":{"line":629,"column":0},"end":{"line":629,"column":36}},"629":{"start":{"line":630,"column":0},"end":{"line":630,"column":35}},"630":{"start":{"line":631,"column":0},"end":{"line":631,"column":19}},"631":{"start":{"line":632,"column":0},"end":{"line":632,"column":15}},"632":{"start":{"line":633,"column":0},"end":{"line":633,"column":11}},"633":{"start":{"line":634,"column":0},"end":{"line":634,"column":8}},"634":{"start":{"line":635,"column":0},"end":{"line":635,"column":25}},"635":{"start":{"line":636,"column":0},"end":{"line":636,"column":32}},"636":{"start":{"line":637,"column":0},"end":{"line":637,"column":24}},"637":{"start":{"line":638,"column":0},"end":{"line":638,"column":28}},"638":{"start":{"line":639,"column":0},"end":{"line":639,"column":30}},"639":{"start":{"line":640,"column":0},"end":{"line":640,"column":22}},"640":{"start":{"line":641,"column":0},"end":{"line":641,"column":31}},"641":{"start":{"line":642,"column":0},"end":{"line":642,"column":31}},"642":{"start":{"line":643,"column":0},"end":{"line":643,"column":16}},"643":{"start":{"line":644,"column":0},"end":{"line":644,"column":25}},"644":{"start":{"line":645,"column":0},"end":{"line":645,"column":31}},"645":{"start":{"line":646,"column":0},"end":{"line":646,"column":31}},"646":{"start":{"line":647,"column":0},"end":{"line":647,"column":16}},"647":{"start":{"line":648,"column":0},"end":{"line":648,"column":26}},"648":{"start":{"line":649,"column":0},"end":{"line":649,"column":31}},"649":{"start":{"line":650,"column":0},"end":{"line":650,"column":31}},"650":{"start":{"line":651,"column":0},"end":{"line":651,"column":16}},"651":{"start":{"line":652,"column":0},"end":{"line":652,"column":26}},"652":{"start":{"line":653,"column":0},"end":{"line":653,"column":31}},"653":{"start":{"line":654,"column":0},"end":{"line":654,"column":31}},"654":{"start":{"line":655,"column":0},"end":{"line":655,"column":15}},"655":{"start":{"line":656,"column":0},"end":{"line":656,"column":11}},"656":{"start":{"line":657,"column":0},"end":{"line":657,"column":8}},"657":{"start":{"line":658,"column":0},"end":{"line":658,"column":22}},"658":{"start":{"line":659,"column":0},"end":{"line":659,"column":22}},"659":{"start":{"line":660,"column":0},"end":{"line":660,"column":29}},"660":{"start":{"line":661,"column":0},"end":{"line":661,"column":36}},"661":{"start":{"line":662,"column":0},"end":{"line":662,"column":53}},"662":{"start":{"line":663,"column":0},"end":{"line":663,"column":134}},"663":{"start":{"line":664,"column":0},"end":{"line":664,"column":30}},"664":{"start":{"line":665,"column":0},"end":{"line":665,"column":35}},"665":{"start":{"line":666,"column":0},"end":{"line":666,"column":51}},"666":{"start":{"line":667,"column":0},"end":{"line":667,"column":51}},"667":{"start":{"line":668,"column":0},"end":{"line":668,"column":23}},"668":{"start":{"line":669,"column":0},"end":{"line":669,"column":15}},"669":{"start":{"line":670,"column":0},"end":{"line":670,"column":38}},"670":{"start":{"line":671,"column":0},"end":{"line":671,"column":40}},"671":{"start":{"line":672,"column":0},"end":{"line":672,"column":16}},"672":{"start":{"line":673,"column":0},"end":{"line":673,"column":15}},"673":{"start":{"line":674,"column":0},"end":{"line":674,"column":35}},"674":{"start":{"line":675,"column":0},"end":{"line":675,"column":35}},"675":{"start":{"line":676,"column":0},"end":{"line":676,"column":15}},"676":{"start":{"line":677,"column":0},"end":{"line":677,"column":11}},"677":{"start":{"line":678,"column":0},"end":{"line":678,"column":7}},"678":{"start":{"line":679,"column":0},"end":{"line":679,"column":4}},"679":{"start":{"line":680,"column":0},"end":{"line":680,"column":3}},"680":{"start":{"line":681,"column":0},"end":{"line":681,"column":28}},"681":{"start":{"line":682,"column":0},"end":{"line":682,"column":18}},"682":{"start":{"line":683,"column":0},"end":{"line":683,"column":11}},"683":{"start":{"line":684,"column":0},"end":{"line":684,"column":33}},"684":{"start":{"line":685,"column":0},"end":{"line":685,"column":37}},"685":{"start":{"line":686,"column":0},"end":{"line":686,"column":41}},"686":{"start":{"line":687,"column":0},"end":{"line":687,"column":33}},"687":{"start":{"line":688,"column":0},"end":{"line":688,"column":32}},"688":{"start":{"line":689,"column":0},"end":{"line":689,"column":25}},"689":{"start":{"line":690,"column":0},"end":{"line":690,"column":19}},"690":{"start":{"line":691,"column":0},"end":{"line":691,"column":172}},"691":{"start":{"line":692,"column":0},"end":{"line":692,"column":162}},"692":{"start":{"line":693,"column":0},"end":{"line":693,"column":20}},"693":{"start":{"line":694,"column":0},"end":{"line":694,"column":19}},"694":{"start":{"line":695,"column":0},"end":{"line":695,"column":149}},"695":{"start":{"line":696,"column":0},"end":{"line":696,"column":139}},"696":{"start":{"line":697,"column":0},"end":{"line":697,"column":20}},"697":{"start":{"line":698,"column":0},"end":{"line":698,"column":19}},"698":{"start":{"line":699,"column":0},"end":{"line":699,"column":172}},"699":{"start":{"line":700,"column":0},"end":{"line":700,"column":162}},"700":{"start":{"line":701,"column":0},"end":{"line":701,"column":20}},"701":{"start":{"line":702,"column":0},"end":{"line":702,"column":19}},"702":{"start":{"line":703,"column":0},"end":{"line":703,"column":175}},"703":{"start":{"line":704,"column":0},"end":{"line":704,"column":165}},"704":{"start":{"line":705,"column":0},"end":{"line":705,"column":20}},"705":{"start":{"line":706,"column":0},"end":{"line":706,"column":19}},"706":{"start":{"line":707,"column":0},"end":{"line":707,"column":149}},"707":{"start":{"line":708,"column":0},"end":{"line":708,"column":139}},"708":{"start":{"line":709,"column":0},"end":{"line":709,"column":20}},"709":{"start":{"line":710,"column":0},"end":{"line":710,"column":19}},"710":{"start":{"line":711,"column":0},"end":{"line":711,"column":175}},"711":{"start":{"line":712,"column":0},"end":{"line":712,"column":165}},"712":{"start":{"line":713,"column":0},"end":{"line":713,"column":20}},"713":{"start":{"line":714,"column":0},"end":{"line":714,"column":19}},"714":{"start":{"line":715,"column":0},"end":{"line":715,"column":175}},"715":{"start":{"line":716,"column":0},"end":{"line":716,"column":165}},"716":{"start":{"line":717,"column":0},"end":{"line":717,"column":20}},"717":{"start":{"line":718,"column":0},"end":{"line":718,"column":19}},"718":{"start":{"line":719,"column":0},"end":{"line":719,"column":175}},"719":{"start":{"line":720,"column":0},"end":{"line":720,"column":165}},"720":{"start":{"line":721,"column":0},"end":{"line":721,"column":20}},"721":{"start":{"line":722,"column":0},"end":{"line":722,"column":19}},"722":{"start":{"line":723,"column":0},"end":{"line":723,"column":172}},"723":{"start":{"line":724,"column":0},"end":{"line":724,"column":162}},"724":{"start":{"line":725,"column":0},"end":{"line":725,"column":20}},"725":{"start":{"line":726,"column":0},"end":{"line":726,"column":19}},"726":{"start":{"line":727,"column":0},"end":{"line":727,"column":172}},"727":{"start":{"line":728,"column":0},"end":{"line":728,"column":162}},"728":{"start":{"line":729,"column":0},"end":{"line":729,"column":20}},"729":{"start":{"line":730,"column":0},"end":{"line":730,"column":19}},"730":{"start":{"line":731,"column":0},"end":{"line":731,"column":175}},"731":{"start":{"line":732,"column":0},"end":{"line":732,"column":165}},"732":{"start":{"line":733,"column":0},"end":{"line":733,"column":19}},"733":{"start":{"line":734,"column":0},"end":{"line":734,"column":16}},"734":{"start":{"line":735,"column":0},"end":{"line":735,"column":23}},"735":{"start":{"line":736,"column":0},"end":{"line":736,"column":30}},"736":{"start":{"line":737,"column":0},"end":{"line":737,"column":37}},"737":{"start":{"line":738,"column":0},"end":{"line":738,"column":33}},"738":{"start":{"line":739,"column":0},"end":{"line":739,"column":20}},"739":{"start":{"line":740,"column":0},"end":{"line":740,"column":30}},"740":{"start":{"line":741,"column":0},"end":{"line":741,"column":37}},"741":{"start":{"line":742,"column":0},"end":{"line":742,"column":35}},"742":{"start":{"line":743,"column":0},"end":{"line":743,"column":20}},"743":{"start":{"line":744,"column":0},"end":{"line":744,"column":30}},"744":{"start":{"line":745,"column":0},"end":{"line":745,"column":36}},"745":{"start":{"line":746,"column":0},"end":{"line":746,"column":33}},"746":{"start":{"line":747,"column":0},"end":{"line":747,"column":20}},"747":{"start":{"line":748,"column":0},"end":{"line":748,"column":30}},"748":{"start":{"line":749,"column":0},"end":{"line":749,"column":36}},"749":{"start":{"line":750,"column":0},"end":{"line":750,"column":35}},"750":{"start":{"line":751,"column":0},"end":{"line":751,"column":20}},"751":{"start":{"line":752,"column":0},"end":{"line":752,"column":30}},"752":{"start":{"line":753,"column":0},"end":{"line":753,"column":37}},"753":{"start":{"line":754,"column":0},"end":{"line":754,"column":33}},"754":{"start":{"line":755,"column":0},"end":{"line":755,"column":20}},"755":{"start":{"line":756,"column":0},"end":{"line":756,"column":30}},"756":{"start":{"line":757,"column":0},"end":{"line":757,"column":37}},"757":{"start":{"line":758,"column":0},"end":{"line":758,"column":35}},"758":{"start":{"line":759,"column":0},"end":{"line":759,"column":20}},"759":{"start":{"line":760,"column":0},"end":{"line":760,"column":30}},"760":{"start":{"line":761,"column":0},"end":{"line":761,"column":37}},"761":{"start":{"line":762,"column":0},"end":{"line":762,"column":34}},"762":{"start":{"line":763,"column":0},"end":{"line":763,"column":20}},"763":{"start":{"line":764,"column":0},"end":{"line":764,"column":30}},"764":{"start":{"line":765,"column":0},"end":{"line":765,"column":37}},"765":{"start":{"line":766,"column":0},"end":{"line":766,"column":36}},"766":{"start":{"line":767,"column":0},"end":{"line":767,"column":20}},"767":{"start":{"line":768,"column":0},"end":{"line":768,"column":30}},"768":{"start":{"line":769,"column":0},"end":{"line":769,"column":37}},"769":{"start":{"line":770,"column":0},"end":{"line":770,"column":34}},"770":{"start":{"line":771,"column":0},"end":{"line":771,"column":20}},"771":{"start":{"line":772,"column":0},"end":{"line":772,"column":30}},"772":{"start":{"line":773,"column":0},"end":{"line":773,"column":37}},"773":{"start":{"line":774,"column":0},"end":{"line":774,"column":36}},"774":{"start":{"line":775,"column":0},"end":{"line":775,"column":20}},"775":{"start":{"line":776,"column":0},"end":{"line":776,"column":30}},"776":{"start":{"line":777,"column":0},"end":{"line":777,"column":37}},"777":{"start":{"line":778,"column":0},"end":{"line":778,"column":34}},"778":{"start":{"line":779,"column":0},"end":{"line":779,"column":19}},"779":{"start":{"line":780,"column":0},"end":{"line":780,"column":15}},"780":{"start":{"line":781,"column":0},"end":{"line":781,"column":12}},"781":{"start":{"line":782,"column":0},"end":{"line":782,"column":11}},"782":{"start":{"line":783,"column":0},"end":{"line":783,"column":33}},"783":{"start":{"line":784,"column":0},"end":{"line":784,"column":29}},"784":{"start":{"line":785,"column":0},"end":{"line":785,"column":41}},"785":{"start":{"line":786,"column":0},"end":{"line":786,"column":33}},"786":{"start":{"line":787,"column":0},"end":{"line":787,"column":32}},"787":{"start":{"line":788,"column":0},"end":{"line":788,"column":25}},"788":{"start":{"line":789,"column":0},"end":{"line":789,"column":19}},"789":{"start":{"line":790,"column":0},"end":{"line":790,"column":175}},"790":{"start":{"line":791,"column":0},"end":{"line":791,"column":164}},"791":{"start":{"line":792,"column":0},"end":{"line":792,"column":20}},"792":{"start":{"line":793,"column":0},"end":{"line":793,"column":19}},"793":{"start":{"line":794,"column":0},"end":{"line":794,"column":175}},"794":{"start":{"line":795,"column":0},"end":{"line":795,"column":165}},"795":{"start":{"line":796,"column":0},"end":{"line":796,"column":20}},"796":{"start":{"line":797,"column":0},"end":{"line":797,"column":19}},"797":{"start":{"line":798,"column":0},"end":{"line":798,"column":175}},"798":{"start":{"line":799,"column":0},"end":{"line":799,"column":165}},"799":{"start":{"line":800,"column":0},"end":{"line":800,"column":20}},"800":{"start":{"line":801,"column":0},"end":{"line":801,"column":19}},"801":{"start":{"line":802,"column":0},"end":{"line":802,"column":175}},"802":{"start":{"line":803,"column":0},"end":{"line":803,"column":165}},"803":{"start":{"line":804,"column":0},"end":{"line":804,"column":20}},"804":{"start":{"line":805,"column":0},"end":{"line":805,"column":19}},"805":{"start":{"line":806,"column":0},"end":{"line":806,"column":149}},"806":{"start":{"line":807,"column":0},"end":{"line":807,"column":139}},"807":{"start":{"line":808,"column":0},"end":{"line":808,"column":20}},"808":{"start":{"line":809,"column":0},"end":{"line":809,"column":19}},"809":{"start":{"line":810,"column":0},"end":{"line":810,"column":172}},"810":{"start":{"line":811,"column":0},"end":{"line":811,"column":162}},"811":{"start":{"line":812,"column":0},"end":{"line":812,"column":20}},"812":{"start":{"line":813,"column":0},"end":{"line":813,"column":19}},"813":{"start":{"line":814,"column":0},"end":{"line":814,"column":175}},"814":{"start":{"line":815,"column":0},"end":{"line":815,"column":165}},"815":{"start":{"line":816,"column":0},"end":{"line":816,"column":20}},"816":{"start":{"line":817,"column":0},"end":{"line":817,"column":19}},"817":{"start":{"line":818,"column":0},"end":{"line":818,"column":149}},"818":{"start":{"line":819,"column":0},"end":{"line":819,"column":139}},"819":{"start":{"line":820,"column":0},"end":{"line":820,"column":20}},"820":{"start":{"line":821,"column":0},"end":{"line":821,"column":19}},"821":{"start":{"line":822,"column":0},"end":{"line":822,"column":175}},"822":{"start":{"line":823,"column":0},"end":{"line":823,"column":165}},"823":{"start":{"line":824,"column":0},"end":{"line":824,"column":20}},"824":{"start":{"line":825,"column":0},"end":{"line":825,"column":19}},"825":{"start":{"line":826,"column":0},"end":{"line":826,"column":175}},"826":{"start":{"line":827,"column":0},"end":{"line":827,"column":165}},"827":{"start":{"line":828,"column":0},"end":{"line":828,"column":20}},"828":{"start":{"line":829,"column":0},"end":{"line":829,"column":19}},"829":{"start":{"line":830,"column":0},"end":{"line":830,"column":175}},"830":{"start":{"line":831,"column":0},"end":{"line":831,"column":165}},"831":{"start":{"line":832,"column":0},"end":{"line":832,"column":19}},"832":{"start":{"line":833,"column":0},"end":{"line":833,"column":16}},"833":{"start":{"line":834,"column":0},"end":{"line":834,"column":23}},"834":{"start":{"line":835,"column":0},"end":{"line":835,"column":30}},"835":{"start":{"line":836,"column":0},"end":{"line":836,"column":37}},"836":{"start":{"line":837,"column":0},"end":{"line":837,"column":33}},"837":{"start":{"line":838,"column":0},"end":{"line":838,"column":20}},"838":{"start":{"line":839,"column":0},"end":{"line":839,"column":30}},"839":{"start":{"line":840,"column":0},"end":{"line":840,"column":37}},"840":{"start":{"line":841,"column":0},"end":{"line":841,"column":35}},"841":{"start":{"line":842,"column":0},"end":{"line":842,"column":20}},"842":{"start":{"line":843,"column":0},"end":{"line":843,"column":30}},"843":{"start":{"line":844,"column":0},"end":{"line":844,"column":36}},"844":{"start":{"line":845,"column":0},"end":{"line":845,"column":33}},"845":{"start":{"line":846,"column":0},"end":{"line":846,"column":20}},"846":{"start":{"line":847,"column":0},"end":{"line":847,"column":30}},"847":{"start":{"line":848,"column":0},"end":{"line":848,"column":36}},"848":{"start":{"line":849,"column":0},"end":{"line":849,"column":35}},"849":{"start":{"line":850,"column":0},"end":{"line":850,"column":20}},"850":{"start":{"line":851,"column":0},"end":{"line":851,"column":30}},"851":{"start":{"line":852,"column":0},"end":{"line":852,"column":37}},"852":{"start":{"line":853,"column":0},"end":{"line":853,"column":33}},"853":{"start":{"line":854,"column":0},"end":{"line":854,"column":20}},"854":{"start":{"line":855,"column":0},"end":{"line":855,"column":30}},"855":{"start":{"line":856,"column":0},"end":{"line":856,"column":37}},"856":{"start":{"line":857,"column":0},"end":{"line":857,"column":35}},"857":{"start":{"line":858,"column":0},"end":{"line":858,"column":20}},"858":{"start":{"line":859,"column":0},"end":{"line":859,"column":30}},"859":{"start":{"line":860,"column":0},"end":{"line":860,"column":37}},"860":{"start":{"line":861,"column":0},"end":{"line":861,"column":34}},"861":{"start":{"line":862,"column":0},"end":{"line":862,"column":20}},"862":{"start":{"line":863,"column":0},"end":{"line":863,"column":30}},"863":{"start":{"line":864,"column":0},"end":{"line":864,"column":37}},"864":{"start":{"line":865,"column":0},"end":{"line":865,"column":36}},"865":{"start":{"line":866,"column":0},"end":{"line":866,"column":20}},"866":{"start":{"line":867,"column":0},"end":{"line":867,"column":30}},"867":{"start":{"line":868,"column":0},"end":{"line":868,"column":37}},"868":{"start":{"line":869,"column":0},"end":{"line":869,"column":34}},"869":{"start":{"line":870,"column":0},"end":{"line":870,"column":20}},"870":{"start":{"line":871,"column":0},"end":{"line":871,"column":30}},"871":{"start":{"line":872,"column":0},"end":{"line":872,"column":37}},"872":{"start":{"line":873,"column":0},"end":{"line":873,"column":36}},"873":{"start":{"line":874,"column":0},"end":{"line":874,"column":20}},"874":{"start":{"line":875,"column":0},"end":{"line":875,"column":30}},"875":{"start":{"line":876,"column":0},"end":{"line":876,"column":37}},"876":{"start":{"line":877,"column":0},"end":{"line":877,"column":34}},"877":{"start":{"line":878,"column":0},"end":{"line":878,"column":19}},"878":{"start":{"line":879,"column":0},"end":{"line":879,"column":15}},"879":{"start":{"line":880,"column":0},"end":{"line":880,"column":12}},"880":{"start":{"line":881,"column":0},"end":{"line":881,"column":11}},"881":{"start":{"line":882,"column":0},"end":{"line":882,"column":33}},"882":{"start":{"line":883,"column":0},"end":{"line":883,"column":35}},"883":{"start":{"line":884,"column":0},"end":{"line":884,"column":41}},"884":{"start":{"line":885,"column":0},"end":{"line":885,"column":33}},"885":{"start":{"line":886,"column":0},"end":{"line":886,"column":32}},"886":{"start":{"line":887,"column":0},"end":{"line":887,"column":25}},"887":{"start":{"line":888,"column":0},"end":{"line":888,"column":19}},"888":{"start":{"line":889,"column":0},"end":{"line":889,"column":175}},"889":{"start":{"line":890,"column":0},"end":{"line":890,"column":165}},"890":{"start":{"line":891,"column":0},"end":{"line":891,"column":20}},"891":{"start":{"line":892,"column":0},"end":{"line":892,"column":19}},"892":{"start":{"line":893,"column":0},"end":{"line":893,"column":172}},"893":{"start":{"line":894,"column":0},"end":{"line":894,"column":162}},"894":{"start":{"line":895,"column":0},"end":{"line":895,"column":20}},"895":{"start":{"line":896,"column":0},"end":{"line":896,"column":19}},"896":{"start":{"line":897,"column":0},"end":{"line":897,"column":149}},"897":{"start":{"line":898,"column":0},"end":{"line":898,"column":139}},"898":{"start":{"line":899,"column":0},"end":{"line":899,"column":20}},"899":{"start":{"line":900,"column":0},"end":{"line":900,"column":19}},"900":{"start":{"line":901,"column":0},"end":{"line":901,"column":172}},"901":{"start":{"line":902,"column":0},"end":{"line":902,"column":162}},"902":{"start":{"line":903,"column":0},"end":{"line":903,"column":20}},"903":{"start":{"line":904,"column":0},"end":{"line":904,"column":19}},"904":{"start":{"line":905,"column":0},"end":{"line":905,"column":175}},"905":{"start":{"line":906,"column":0},"end":{"line":906,"column":165}},"906":{"start":{"line":907,"column":0},"end":{"line":907,"column":20}},"907":{"start":{"line":908,"column":0},"end":{"line":908,"column":19}},"908":{"start":{"line":909,"column":0},"end":{"line":909,"column":149}},"909":{"start":{"line":910,"column":0},"end":{"line":910,"column":139}},"910":{"start":{"line":911,"column":0},"end":{"line":911,"column":20}},"911":{"start":{"line":912,"column":0},"end":{"line":912,"column":19}},"912":{"start":{"line":913,"column":0},"end":{"line":913,"column":175}},"913":{"start":{"line":914,"column":0},"end":{"line":914,"column":165}},"914":{"start":{"line":915,"column":0},"end":{"line":915,"column":20}},"915":{"start":{"line":916,"column":0},"end":{"line":916,"column":19}},"916":{"start":{"line":917,"column":0},"end":{"line":917,"column":175}},"917":{"start":{"line":918,"column":0},"end":{"line":918,"column":165}},"918":{"start":{"line":919,"column":0},"end":{"line":919,"column":20}},"919":{"start":{"line":920,"column":0},"end":{"line":920,"column":19}},"920":{"start":{"line":921,"column":0},"end":{"line":921,"column":175}},"921":{"start":{"line":922,"column":0},"end":{"line":922,"column":165}},"922":{"start":{"line":923,"column":0},"end":{"line":923,"column":19}},"923":{"start":{"line":924,"column":0},"end":{"line":924,"column":16}},"924":{"start":{"line":925,"column":0},"end":{"line":925,"column":23}},"925":{"start":{"line":926,"column":0},"end":{"line":926,"column":30}},"926":{"start":{"line":927,"column":0},"end":{"line":927,"column":37}},"927":{"start":{"line":928,"column":0},"end":{"line":928,"column":33}},"928":{"start":{"line":929,"column":0},"end":{"line":929,"column":20}},"929":{"start":{"line":930,"column":0},"end":{"line":930,"column":30}},"930":{"start":{"line":931,"column":0},"end":{"line":931,"column":37}},"931":{"start":{"line":932,"column":0},"end":{"line":932,"column":35}},"932":{"start":{"line":933,"column":0},"end":{"line":933,"column":20}},"933":{"start":{"line":934,"column":0},"end":{"line":934,"column":30}},"934":{"start":{"line":935,"column":0},"end":{"line":935,"column":36}},"935":{"start":{"line":936,"column":0},"end":{"line":936,"column":33}},"936":{"start":{"line":937,"column":0},"end":{"line":937,"column":20}},"937":{"start":{"line":938,"column":0},"end":{"line":938,"column":30}},"938":{"start":{"line":939,"column":0},"end":{"line":939,"column":36}},"939":{"start":{"line":940,"column":0},"end":{"line":940,"column":35}},"940":{"start":{"line":941,"column":0},"end":{"line":941,"column":20}},"941":{"start":{"line":942,"column":0},"end":{"line":942,"column":30}},"942":{"start":{"line":943,"column":0},"end":{"line":943,"column":37}},"943":{"start":{"line":944,"column":0},"end":{"line":944,"column":33}},"944":{"start":{"line":945,"column":0},"end":{"line":945,"column":20}},"945":{"start":{"line":946,"column":0},"end":{"line":946,"column":30}},"946":{"start":{"line":947,"column":0},"end":{"line":947,"column":37}},"947":{"start":{"line":948,"column":0},"end":{"line":948,"column":35}},"948":{"start":{"line":949,"column":0},"end":{"line":949,"column":20}},"949":{"start":{"line":950,"column":0},"end":{"line":950,"column":30}},"950":{"start":{"line":951,"column":0},"end":{"line":951,"column":37}},"951":{"start":{"line":952,"column":0},"end":{"line":952,"column":34}},"952":{"start":{"line":953,"column":0},"end":{"line":953,"column":20}},"953":{"start":{"line":954,"column":0},"end":{"line":954,"column":30}},"954":{"start":{"line":955,"column":0},"end":{"line":955,"column":37}},"955":{"start":{"line":956,"column":0},"end":{"line":956,"column":36}},"956":{"start":{"line":957,"column":0},"end":{"line":957,"column":20}},"957":{"start":{"line":958,"column":0},"end":{"line":958,"column":30}},"958":{"start":{"line":959,"column":0},"end":{"line":959,"column":37}},"959":{"start":{"line":960,"column":0},"end":{"line":960,"column":34}},"960":{"start":{"line":961,"column":0},"end":{"line":961,"column":20}},"961":{"start":{"line":962,"column":0},"end":{"line":962,"column":30}},"962":{"start":{"line":963,"column":0},"end":{"line":963,"column":37}},"963":{"start":{"line":964,"column":0},"end":{"line":964,"column":36}},"964":{"start":{"line":965,"column":0},"end":{"line":965,"column":20}},"965":{"start":{"line":966,"column":0},"end":{"line":966,"column":30}},"966":{"start":{"line":967,"column":0},"end":{"line":967,"column":37}},"967":{"start":{"line":968,"column":0},"end":{"line":968,"column":34}},"968":{"start":{"line":969,"column":0},"end":{"line":969,"column":19}},"969":{"start":{"line":970,"column":0},"end":{"line":970,"column":15}},"970":{"start":{"line":971,"column":0},"end":{"line":971,"column":12}},"971":{"start":{"line":972,"column":0},"end":{"line":972,"column":11}},"972":{"start":{"line":973,"column":0},"end":{"line":973,"column":33}},"973":{"start":{"line":974,"column":0},"end":{"line":974,"column":30}},"974":{"start":{"line":975,"column":0},"end":{"line":975,"column":41}},"975":{"start":{"line":976,"column":0},"end":{"line":976,"column":33}},"976":{"start":{"line":977,"column":0},"end":{"line":977,"column":31}},"977":{"start":{"line":978,"column":0},"end":{"line":978,"column":25}},"978":{"start":{"line":979,"column":0},"end":{"line":979,"column":19}},"979":{"start":{"line":980,"column":0},"end":{"line":980,"column":175}},"980":{"start":{"line":981,"column":0},"end":{"line":981,"column":165}},"981":{"start":{"line":982,"column":0},"end":{"line":982,"column":20}},"982":{"start":{"line":983,"column":0},"end":{"line":983,"column":19}},"983":{"start":{"line":984,"column":0},"end":{"line":984,"column":149}},"984":{"start":{"line":985,"column":0},"end":{"line":985,"column":139}},"985":{"start":{"line":986,"column":0},"end":{"line":986,"column":20}},"986":{"start":{"line":987,"column":0},"end":{"line":987,"column":19}},"987":{"start":{"line":988,"column":0},"end":{"line":988,"column":172}},"988":{"start":{"line":989,"column":0},"end":{"line":989,"column":162}},"989":{"start":{"line":990,"column":0},"end":{"line":990,"column":20}},"990":{"start":{"line":991,"column":0},"end":{"line":991,"column":19}},"991":{"start":{"line":992,"column":0},"end":{"line":992,"column":175}},"992":{"start":{"line":993,"column":0},"end":{"line":993,"column":165}},"993":{"start":{"line":994,"column":0},"end":{"line":994,"column":20}},"994":{"start":{"line":995,"column":0},"end":{"line":995,"column":19}},"995":{"start":{"line":996,"column":0},"end":{"line":996,"column":149}},"996":{"start":{"line":997,"column":0},"end":{"line":997,"column":139}},"997":{"start":{"line":998,"column":0},"end":{"line":998,"column":20}},"998":{"start":{"line":999,"column":0},"end":{"line":999,"column":19}},"999":{"start":{"line":1000,"column":0},"end":{"line":1000,"column":175}},"1000":{"start":{"line":1001,"column":0},"end":{"line":1001,"column":165}},"1001":{"start":{"line":1002,"column":0},"end":{"line":1002,"column":20}},"1002":{"start":{"line":1003,"column":0},"end":{"line":1003,"column":19}},"1003":{"start":{"line":1004,"column":0},"end":{"line":1004,"column":175}},"1004":{"start":{"line":1005,"column":0},"end":{"line":1005,"column":165}},"1005":{"start":{"line":1006,"column":0},"end":{"line":1006,"column":20}},"1006":{"start":{"line":1007,"column":0},"end":{"line":1007,"column":19}},"1007":{"start":{"line":1008,"column":0},"end":{"line":1008,"column":175}},"1008":{"start":{"line":1009,"column":0},"end":{"line":1009,"column":165}},"1009":{"start":{"line":1010,"column":0},"end":{"line":1010,"column":19}},"1010":{"start":{"line":1011,"column":0},"end":{"line":1011,"column":16}},"1011":{"start":{"line":1012,"column":0},"end":{"line":1012,"column":23}},"1012":{"start":{"line":1013,"column":0},"end":{"line":1013,"column":30}},"1013":{"start":{"line":1014,"column":0},"end":{"line":1014,"column":37}},"1014":{"start":{"line":1015,"column":0},"end":{"line":1015,"column":33}},"1015":{"start":{"line":1016,"column":0},"end":{"line":1016,"column":20}},"1016":{"start":{"line":1017,"column":0},"end":{"line":1017,"column":30}},"1017":{"start":{"line":1018,"column":0},"end":{"line":1018,"column":37}},"1018":{"start":{"line":1019,"column":0},"end":{"line":1019,"column":35}},"1019":{"start":{"line":1020,"column":0},"end":{"line":1020,"column":20}},"1020":{"start":{"line":1021,"column":0},"end":{"line":1021,"column":30}},"1021":{"start":{"line":1022,"column":0},"end":{"line":1022,"column":36}},"1022":{"start":{"line":1023,"column":0},"end":{"line":1023,"column":33}},"1023":{"start":{"line":1024,"column":0},"end":{"line":1024,"column":20}},"1024":{"start":{"line":1025,"column":0},"end":{"line":1025,"column":30}},"1025":{"start":{"line":1026,"column":0},"end":{"line":1026,"column":36}},"1026":{"start":{"line":1027,"column":0},"end":{"line":1027,"column":35}},"1027":{"start":{"line":1028,"column":0},"end":{"line":1028,"column":20}},"1028":{"start":{"line":1029,"column":0},"end":{"line":1029,"column":30}},"1029":{"start":{"line":1030,"column":0},"end":{"line":1030,"column":37}},"1030":{"start":{"line":1031,"column":0},"end":{"line":1031,"column":33}},"1031":{"start":{"line":1032,"column":0},"end":{"line":1032,"column":20}},"1032":{"start":{"line":1033,"column":0},"end":{"line":1033,"column":30}},"1033":{"start":{"line":1034,"column":0},"end":{"line":1034,"column":37}},"1034":{"start":{"line":1035,"column":0},"end":{"line":1035,"column":35}},"1035":{"start":{"line":1036,"column":0},"end":{"line":1036,"column":20}},"1036":{"start":{"line":1037,"column":0},"end":{"line":1037,"column":30}},"1037":{"start":{"line":1038,"column":0},"end":{"line":1038,"column":37}},"1038":{"start":{"line":1039,"column":0},"end":{"line":1039,"column":34}},"1039":{"start":{"line":1040,"column":0},"end":{"line":1040,"column":20}},"1040":{"start":{"line":1041,"column":0},"end":{"line":1041,"column":30}},"1041":{"start":{"line":1042,"column":0},"end":{"line":1042,"column":37}},"1042":{"start":{"line":1043,"column":0},"end":{"line":1043,"column":36}},"1043":{"start":{"line":1044,"column":0},"end":{"line":1044,"column":20}},"1044":{"start":{"line":1045,"column":0},"end":{"line":1045,"column":30}},"1045":{"start":{"line":1046,"column":0},"end":{"line":1046,"column":37}},"1046":{"start":{"line":1047,"column":0},"end":{"line":1047,"column":34}},"1047":{"start":{"line":1048,"column":0},"end":{"line":1048,"column":20}},"1048":{"start":{"line":1049,"column":0},"end":{"line":1049,"column":30}},"1049":{"start":{"line":1050,"column":0},"end":{"line":1050,"column":37}},"1050":{"start":{"line":1051,"column":0},"end":{"line":1051,"column":36}},"1051":{"start":{"line":1052,"column":0},"end":{"line":1052,"column":20}},"1052":{"start":{"line":1053,"column":0},"end":{"line":1053,"column":30}},"1053":{"start":{"line":1054,"column":0},"end":{"line":1054,"column":37}},"1054":{"start":{"line":1055,"column":0},"end":{"line":1055,"column":34}},"1055":{"start":{"line":1056,"column":0},"end":{"line":1056,"column":19}},"1056":{"start":{"line":1057,"column":0},"end":{"line":1057,"column":15}},"1057":{"start":{"line":1058,"column":0},"end":{"line":1058,"column":12}},"1058":{"start":{"line":1059,"column":0},"end":{"line":1059,"column":11}},"1059":{"start":{"line":1060,"column":0},"end":{"line":1060,"column":33}},"1060":{"start":{"line":1061,"column":0},"end":{"line":1061,"column":30}},"1061":{"start":{"line":1062,"column":0},"end":{"line":1062,"column":41}},"1062":{"start":{"line":1063,"column":0},"end":{"line":1063,"column":33}},"1063":{"start":{"line":1064,"column":0},"end":{"line":1064,"column":32}},"1064":{"start":{"line":1065,"column":0},"end":{"line":1065,"column":25}},"1065":{"start":{"line":1066,"column":0},"end":{"line":1066,"column":19}},"1066":{"start":{"line":1067,"column":0},"end":{"line":1067,"column":149}},"1067":{"start":{"line":1068,"column":0},"end":{"line":1068,"column":139}},"1068":{"start":{"line":1069,"column":0},"end":{"line":1069,"column":20}},"1069":{"start":{"line":1070,"column":0},"end":{"line":1070,"column":19}},"1070":{"start":{"line":1071,"column":0},"end":{"line":1071,"column":172}},"1071":{"start":{"line":1072,"column":0},"end":{"line":1072,"column":162}},"1072":{"start":{"line":1073,"column":0},"end":{"line":1073,"column":20}},"1073":{"start":{"line":1074,"column":0},"end":{"line":1074,"column":19}},"1074":{"start":{"line":1075,"column":0},"end":{"line":1075,"column":175}},"1075":{"start":{"line":1076,"column":0},"end":{"line":1076,"column":165}},"1076":{"start":{"line":1077,"column":0},"end":{"line":1077,"column":20}},"1077":{"start":{"line":1078,"column":0},"end":{"line":1078,"column":19}},"1078":{"start":{"line":1079,"column":0},"end":{"line":1079,"column":175}},"1079":{"start":{"line":1080,"column":0},"end":{"line":1080,"column":164}},"1080":{"start":{"line":1081,"column":0},"end":{"line":1081,"column":20}},"1081":{"start":{"line":1082,"column":0},"end":{"line":1082,"column":19}},"1082":{"start":{"line":1083,"column":0},"end":{"line":1083,"column":175}},"1083":{"start":{"line":1084,"column":0},"end":{"line":1084,"column":164}},"1084":{"start":{"line":1085,"column":0},"end":{"line":1085,"column":20}},"1085":{"start":{"line":1086,"column":0},"end":{"line":1086,"column":19}},"1086":{"start":{"line":1087,"column":0},"end":{"line":1087,"column":172}},"1087":{"start":{"line":1088,"column":0},"end":{"line":1088,"column":161}},"1088":{"start":{"line":1089,"column":0},"end":{"line":1089,"column":20}},"1089":{"start":{"line":1090,"column":0},"end":{"line":1090,"column":19}},"1090":{"start":{"line":1091,"column":0},"end":{"line":1091,"column":149}},"1091":{"start":{"line":1092,"column":0},"end":{"line":1092,"column":139}},"1092":{"start":{"line":1093,"column":0},"end":{"line":1093,"column":20}},"1093":{"start":{"line":1094,"column":0},"end":{"line":1094,"column":19}},"1094":{"start":{"line":1095,"column":0},"end":{"line":1095,"column":172}},"1095":{"start":{"line":1096,"column":0},"end":{"line":1096,"column":162}},"1096":{"start":{"line":1097,"column":0},"end":{"line":1097,"column":20}},"1097":{"start":{"line":1098,"column":0},"end":{"line":1098,"column":19}},"1098":{"start":{"line":1099,"column":0},"end":{"line":1099,"column":175}},"1099":{"start":{"line":1100,"column":0},"end":{"line":1100,"column":165}},"1100":{"start":{"line":1101,"column":0},"end":{"line":1101,"column":20}},"1101":{"start":{"line":1102,"column":0},"end":{"line":1102,"column":19}},"1102":{"start":{"line":1103,"column":0},"end":{"line":1103,"column":149}},"1103":{"start":{"line":1104,"column":0},"end":{"line":1104,"column":139}},"1104":{"start":{"line":1105,"column":0},"end":{"line":1105,"column":20}},"1105":{"start":{"line":1106,"column":0},"end":{"line":1106,"column":19}},"1106":{"start":{"line":1107,"column":0},"end":{"line":1107,"column":175}},"1107":{"start":{"line":1108,"column":0},"end":{"line":1108,"column":165}},"1108":{"start":{"line":1109,"column":0},"end":{"line":1109,"column":19}},"1109":{"start":{"line":1110,"column":0},"end":{"line":1110,"column":16}},"1110":{"start":{"line":1111,"column":0},"end":{"line":1111,"column":23}},"1111":{"start":{"line":1112,"column":0},"end":{"line":1112,"column":30}},"1112":{"start":{"line":1113,"column":0},"end":{"line":1113,"column":37}},"1113":{"start":{"line":1114,"column":0},"end":{"line":1114,"column":33}},"1114":{"start":{"line":1115,"column":0},"end":{"line":1115,"column":20}},"1115":{"start":{"line":1116,"column":0},"end":{"line":1116,"column":30}},"1116":{"start":{"line":1117,"column":0},"end":{"line":1117,"column":37}},"1117":{"start":{"line":1118,"column":0},"end":{"line":1118,"column":35}},"1118":{"start":{"line":1119,"column":0},"end":{"line":1119,"column":20}},"1119":{"start":{"line":1120,"column":0},"end":{"line":1120,"column":30}},"1120":{"start":{"line":1121,"column":0},"end":{"line":1121,"column":36}},"1121":{"start":{"line":1122,"column":0},"end":{"line":1122,"colu
[...]
umn":33}}},"s":{"0":1,"1":1,"2":1,"3":1,"4":1,"5":1,"6":4,"7":4,"8":4,"9":4,"10":4,"11":4,"12":4,"13":4,"14":4,"15":12,"16":12,"17":12,"18":12,"19":0,"20":0,"21":12,"22":4,"23":11,"24":8,"25":8,"26":11,"27":3,"28":3,"29":11,"30":4,"31":4,"32":4,"33":4,"34":4,"35":4,"36":4,"37":4,"38":4,"39":4,"40":4,"41":4,"42":20,"43":20,"44":20,"45":20,"46":20,"47":20,"48":20,"49":20,"50":4,"51":0,"52":0,"53":0,"54":4,"55":4,"56":4,"57":4,"58":4,"59":4,"60":4,"61":4,"62":0,"63":0,"64":0,"65":4,"66":4,"67":4,"68":4,"69":1,"70":1},"branchMap":{"0":{"type":"branch","line":7,"loc":{"start":{"line":7,"column":0},"end":{"line":69,"column":1}},"locations":[{"start":{"line":7,"column":0},"end":{"line":69,"column":1}}]},"1":{"type":"branch","line":61,"loc":{"start":{"line":61,"column":22},"end":{"line":61,"column":45}},"locations":[{"start":{"line":61,"column":22},"end":{"line":61,"column":45}}]},"2":{"type":"branch","line":15,"loc":{"start":{"line":15,"column":51},"end":{"line":22,"column":4}},"locations":[{"start":{"line":15,"column":51},"end":{"line":22,"column":4}}]},"3":{"type":"branch","line":19,"loc":{"start":{"line":19,"column":5},"end":{"line":21,"column":5}},"locations":[{"start":{"line":19,"column":5},"end":{"line":21,"column":5}}]},"4":{"type":"branch","line":23,"loc":{"start":{"line":23,"column":73},"end":{"line":30,"column":4}},"locations":[{"start":{"line":23,"column":73},"end":{"line":30,"column":4}}]},"5":{"type":"branch","line":24,"loc":{"start":{"line":24,"column":42},"end":{"line":27,"column":11}},"locations":[{"start":{"line":24,"column":42},"end":{"line":27,"column":11}}]},"6":{"type":"branch","line":27,"loc":{"start":{"line":27,"column":5},"end":{"line":29,"column":5}},"locations":[{"start":{"line":27,"column":5},"end":{"line":29,"column":5}}]},"7":{"type":"branch","line":42,"loc":{"start":{"line":42,"column":24},"end":{"line":50,"column":13}},"locations":[{"start":{"line":42,"column":24},"end":{"line":50,"column":13}}]}},"b":{"0":[4],"1":[0],"2":[12],"3":[0],"4":[11],"5":[8],"6":[3],"7":[20]},"fnMap":{"0":{"name":"FeaturesComparison","decl":{"start":{"line":7,"column":0},"end":{"line":69,"column":1}},"loc":{"start":{"line":7,"column":0},"end":{"line":69,"column":1}},"line":7},"1":{"name":"onClick","decl":{"start":{"line":51,"column":35},"end":{"line":54,"column":25}},"loc":{"start":{"line":51,"column":35},"end":{"line":54,"column":25}},"line":51},"2":{"name":"onClick","decl":{"start":{"line":62,"column":31},"end":{"line":65,"column":24}},"loc":{"start":{"line":62,"column":31},"end":{"line":65,"column":24}},"line":62}},"f":{"0":4,"1":0,"2":0}}
,"/Users/jlee72/Documents/week5/fec/client/src/components/RelatedItems/RelatedItem.jsx": {"path":"/Users/jlee72/Documents/week5/fec/client/src/components/RelatedItems/RelatedItem.jsx","all":false,"statementMap":{"0":{"start":{"line":1,"column":0},"end":{"line":1,"column":26}},"1":{"start":{"line":2,"column":0},"end":{"line":2,"column":41}},"2":{"start":{"line":3,"column":0},"end":{"line":3,"column":57}},"3":{"start":{"line":4,"column":0},"end":{"line":4,"column":48}},"4":{"start":{"line":5,"column":0},"end":{"line":5,"column":103}},"5":{"start":{"line":6,"column":0},"end":{"line":6,"column":0}},"6":{"start":{"line":7,"column":0},"end":{"line":7,"column":0}},"7":{"start":{"line":8,"column":0},"end":{"line":8,"column":29}},"8":{"start":{"line":9,"column":0},"end":{"line":9,"column":35}},"9":{"start":{"line":10,"column":0},"end":{"line":10,"column":21}},"10":{"start":{"line":11,"column":0},"end":{"line":11,"column":42}},"11":{"start":{"line":12,"column":0},"end":{"line":12,"column":27}},"12":{"start":{"line":13,"column":0},"end":{"line":13,"column":18}},"13":{"start":{"line":14,"column":0},"end":{"line":14,"column":27}},"14":{"start":{"line":15,"column":0},"end":{"line":15,"column":35}},"15":{"start":{"line":16,"column":0},"end":{"line":16,"column":20}},"16":{"start":{"line":17,"column":0},"end":{"line":17,"column":40}},"17":{"start":{"line":18,"column":0},"end":{"line":18,"column":5}},"18":{"start":{"line":19,"column":0},"end":{"line":19,"column":0}},"19":{"start":{"line":20,"column":0},"end":{"line":20,"column":0}},"20":{"start":{"line":21,"column":0},"end":{"line":21,"column":0}},"21":{"start":{"line":22,"column":0},"end":{"line":22,"column":0}},"22":{"start":{"line":23,"column":0},"end":{"line":23,"column":51}},"23":{"start":{"line":24,"column":0},"end":{"line":24,"column":53}},"24":{"start":{"line":25,"column":0},"end":{"line":25,"column":51}},"25":{"start":{"line":26,"column":0},"end":{"line":26,"column":83}},"26":{"start":{"line":27,"column":0},"end":{"line":27,"column":113}},"27":{"start":{"line":28,"column":0},"end":{"line":28,"column":31}},"28":{"start":{"line":29,"column":0},"end":{"line":29,"column":91}},"29":{"start":{"line":30,"column":0},"end":{"line":30,"column":66}},"30":{"start":{"line":31,"column":0},"end":{"line":31,"column":35}},"31":{"start":{"line":32,"column":0},"end":{"line":32,"column":15}},"32":{"start":{"line":33,"column":0},"end":{"line":33,"column":67}},"33":{"start":{"line":34,"column":0},"end":{"line":34,"column":37}},"34":{"start":{"line":35,"column":0},"end":{"line":35,"column":49}},"35":{"start":{"line":36,"column":0},"end":{"line":36,"column":17}},"36":{"start":{"line":37,"column":0},"end":{"line":37,"column":69}},"37":{"start":{"line":38,"column":0},"end":{"line":38,"column":109}},"38":{"start":{"line":39,"column":0},"end":{"line":39,"column":28}},"39":{"start":{"line":40,"column":0},"end":{"line":40,"column":184}},"40":{"start":{"line":41,"column":0},"end":{"line":41,"column":105}},"41":{"start":{"line":42,"column":0},"end":{"line":42,"column":10}},"42":{"start":{"line":43,"column":0},"end":{"line":43,"column":16}},"43":{"start":{"line":44,"column":0},"end":{"line":44,"column":37}},"44":{"start":{"line":45,"column":0},"end":{"line":45,"column":31}},"45":{"start":{"line":46,"column":0},"end":{"line":46,"column":56}},"46":{"start":{"line":47,"column":0},"end":{"line":47,"column":34}},"47":{"start":{"line":48,"column":0},"end":{"line":48,"column":12}},"48":{"start":{"line":49,"column":0},"end":{"line":49,"column":37}},"49":{"start":{"line":50,"column":0},"end":{"line":50,"column":38}},"50":{"start":{"line":51,"column":0},"end":{"line":51,"column":11}},"51":{"start":{"line":52,"column":0},"end":{"line":52,"column":93}},"52":{"start":{"line":53,"column":0},"end":{"line":53,"column":30}},"53":{"start":{"line":54,"column":0},"end":{"line":54,"column":21}},"54":{"start":{"line":55,"column":0},"end":{"line":55,"column":91}},"55":{"start":{"line":56,"column":0},"end":{"line":56,"column":36}},"56":{"start":{"line":57,"column":0},"end":{"line":57,"column":17}},"57":{"start":{"line":58,"column":0},"end":{"line":58,"column":3}},"58":{"start":{"line":59,"column":0},"end":{"line":59,"column":1}},"59":{"start":{"line":60,"column":0},"end":{"line":60,"column":27}}},"s":{"0":1,"1":1,"2":1,"3":1,"4":1,"5":1,"6":1,"7":5,"8":5,"9":5,"10":5,"11":5,"12":5,"13":5,"14":5,"15":5,"16":5,"17":5,"18":5,"19":5,"20":5,"21":5,"22":5,"23":5,"24":5,"25":5,"26":5,"27":5,"28":5,"29":12,"30":12,"31":5,"32":5,"33":5,"34":12,"35":5,"36":5,"37":5,"38":5,"39":5,"40":5,"41":5,"42":5,"43":5,"44":0,"45":0,"46":0,"47":0,"48":5,"49":5,"50":5,"51":5,"52":5,"53":5,"54":5,"55":5,"56":5,"57":5,"58":5,"59":1},"branchMap":{"0":{"type":"branch","line":8,"loc":{"start":{"line":8,"column":0},"end":{"line":59,"column":1}},"locations":[{"start":{"line":8,"column":0},"end":{"line":59,"column":1}}]},"1":{"type":"branch","line":27,"loc":{"start":{"line":27,"column":16},"end":{"line":27,"column":80}},"locations":[{"start":{"line":27,"column":16},"end":{"line":27,"column":80}}]},"2":{"type":"branch","line":37,"loc":{"start":{"line":37,"column":39},"end":{"line":37,"column":67}},"locations":[{"start":{"line":37,"column":39},"end":{"line":37,"column":67}}]},"3":{"type":"branch","line":37,"loc":{"start":{"line":37,"column":39},"end":{"line":37,"column":69}},"locations":[{"start":{"line":37,"column":39},"end":{"line":37,"column":69}}]},"4":{"type":"branch","line":40,"loc":{"start":{"line":40,"column":16},"end":{"line":40,"column":106}},"locations":[{"start":{"line":40,"column":16},"end":{"line":40,"column":106}}]},"5":{"type":"branch","line":40,"loc":{"start":{"line":40,"column":16},"end":{"line":40,"column":184}},"locations":[{"start":{"line":40,"column":16},"end":{"line":40,"column":184}}]},"6":{"type":"branch","line":52,"loc":{"start":{"line":52,"column":9},"end":{"line":52,"column":55}},"locations":[{"start":{"line":52,"column":9},"end":{"line":52,"column":55}}]},"7":{"type":"branch","line":29,"loc":{"start":{"line":29,"column":59},"end":{"line":32,"column":5}},"locations":[{"start":{"line":29,"column":59},"end":{"line":32,"column":5}}]},"8":{"type":"branch","line":34,"loc":{"start":{"line":34,"column":4},"end":{"line":36,"column":7}},"locations":[{"start":{"line":34,"column":4},"end":{"line":36,"column":7}}]}},"b":{"0":[5],"1":[0],"2":[3],"3":[2],"4":[3],"5":[2],"6":[0],"7":[12],"8":[12]},"fnMap":{"0":{"name":"RelatedItem","decl":{"start":{"line":8,"column":0},"end":{"line":59,"column":1}},"loc":{"start":{"line":8,"column":0},"end":{"line":59,"column":1}},"line":8},"1":{"name":"onClick","decl":{"start":{"line":44,"column":32},"end":{"line":48,"column":12}},"loc":{"start":{"line":44,"column":32},"end":{"line":48,"column":12}},"line":44}},"f":{"0":5,"1":0}}
,"/Users/jlee72/Documents/week5/fec/client/src/components/RelatedItems/RelatedItems.jsx": {"path":"/Users/jlee72/Documents/week5/fec/client/src/components/RelatedItems/RelatedItems.jsx","all":false,"statementMap":{"0":{"start":{"line":1,"column":0},"end":{"line":1,"column":26}},"1":{"start":{"line":2,"column":0},"end":{"line":2,"column":43}},"2":{"start":{"line":3,"column":0},"end":{"line":3,"column":50}},"3":{"start":{"line":4,"column":0},"end":{"line":4,"column":0}},"4":{"start":{"line":5,"column":0},"end":{"line":5,"column":30}},"5":{"start":{"line":6,"column":0},"end":{"line":6,"column":0}},"6":{"start":{"line":7,"column":0},"end":{"line":7,"column":31}},"7":{"start":{"line":8,"column":0},"end":{"line":8,"column":10}},"8":{"start":{"line":9,"column":0},"end":{"line":9,"column":15}},"9":{"start":{"line":10,"column":0},"end":{"line":10,"column":39}},"10":{"start":{"line":11,"column":0},"end":{"line":11,"column":16}},"11":{"start":{"line":12,"column":0},"end":{"line":12,"column":89}},"12":{"start":{"line":13,"column":0},"end":{"line":13,"column":9}},"13":{"start":{"line":14,"column":0},"end":{"line":14,"column":9}},"14":{"start":{"line":15,"column":0},"end":{"line":15,"column":16}},"15":{"start":{"line":16,"column":0},"end":{"line":16,"column":3}},"16":{"start":{"line":17,"column":0},"end":{"line":17,"column":1}},"17":{"start":{"line":18,"column":0},"end":{"line":18,"column":28}}},"s":{"0":1,"1":1,"2":1,"3":1,"4":1,"5":1,"6":1,"7":1,"8":1,"9":1,"10":4,"11":4,"12":4,"13":4,"14":1,"15":1,"16":1,"17":1},"branchMap":{"0":{"type":"branch","line":5,"loc":{"start":{"line":5,"column":0},"end":{"line":17,"column":1}},"locations":[{"start":{"line":5,"column":0},"end":{"line":17,"column":1}}]},"1":{"type":"branch","line":10,"loc":{"start":{"line":10,"column":30},"end":{"line":14,"column":9}},"locations":[{"start":{"line":10,"column":30},"end":{"line":14,"column":9}}]}},"b":{"0":[1],"1":[4]},"fnMap":{"0":{"name":"RelatedItems","decl":{"start":{"line":5,"column":0},"end":{"line":17,"column":1}},"loc":{"start":{"line":5,"column":0},"end":{"line":17,"column":1}},"line":5}},"f":{"0":1}}
,"/Users/jlee72/Documents/week5/fec/client/src/components/RelatedItems/RelatedItems.styled.js": {"path":"/Users/jlee72/Documents/week5/fec/client/src/components/RelatedItems/RelatedItems.styled.js","all":false,"statementMap":{"0":{"start":{"line":1,"column":0},"end":{"line":1,"column":48}},"1":{"start":{"line":2,"column":0},"end":{"line":2,"column":0}},"2":{"start":{"line":3,"column":0},"end":{"line":3,"column":37}},"3":{"start":{"line":4,"column":0},"end":{"line":4,"column":18}},"4":{"start":{"line":5,"column":0},"end":{"line":5,"column":39}},"5":{"start":{"line":6,"column":0},"end":{"line":6,"column":24}},"6":{"start":{"line":7,"column":0},"end":{"line":7,"column":15}},"7":{"start":{"line":8,"column":0},"end":{"line":8,"column":24}},"8":{"start":{"line":9,"column":0},"end":{"line":9,"column":32}},"9":{"start":{"line":10,"column":0},"end":{"line":10,"column":17}},"10":{"start":{"line":11,"column":0},"end":{"line":11,"column":37}},"11":{"start":{"line":12,"column":0},"end":{"line":12,"column":15}},"12":{"start":{"line":13,"column":0},"end":{"line":13,"column":21}},"13":{"start":{"line":14,"column":0},"end":{"line":14,"column":0}},"14":{"start":{"line":15,"column":0},"end":{"line":15,"column":7}},"15":{"start":{"line":16,"column":0},"end":{"line":16,"column":17}},"16":{"start":{"line":17,"column":0},"end":{"line":17,"column":15}},"17":{"start":{"line":18,"column":0},"end":{"line":18,"column":21}},"18":{"start":{"line":19,"column":0},"end":{"line":19,"column":4}},"19":{"start":{"line":20,"column":0},"end":{"line":20,"column":0}},"20":{"start":{"line":21,"column":0},"end":{"line":21,"column":5}},"21":{"start":{"line":22,"column":0},"end":{"line":22,"column":15}},"22":{"start":{"line":23,"column":0},"end":{"line":23,"column":4}},"23":{"start":{"line":24,"column":0},"end":{"line":24,"column":2}},"24":{"start":{"line":25,"column":0},"end":{"line":25,"column":0}},"25":{"start":{"line":26,"column":0},"end":{"line":26,"column":36}},"26":{"start":{"line":27,"column":0},"end":{"line":27,"column":15}},"27":{"start":{"line":28,"column":0},"end":{"line":28,"column":18}},"28":{"start":{"line":29,"column":0},"end":{"line":29,"column":2}},"29":{"start":{"line":30,"column":0},"end":{"line":30,"column":0}},"30":{"start":{"line":31,"column":0},"end":{"line":31,"column":32}},"31":{"start":{"line":32,"column":0},"end":{"line":32,"column":15}},"32":{"start":{"line":33,"column":0},"end":{"line":33,"column":18}},"33":{"start":{"line":34,"column":0},"end":{"line":34,"column":2}},"34":{"start":{"line":35,"column":0},"end":{"line":35,"column":0}},"35":{"start":{"line":36,"column":0},"end":{"line":36,"column":34}},"36":{"start":{"line":37,"column":0},"end":{"line":37,"column":15}},"37":{"start":{"line":38,"column":0},"end":{"line":38,"column":18}},"38":{"start":{"line":39,"column":0},"end":{"line":39,"column":2}},"39":{"start":{"line":40,"column":0},"end":{"line":40,"column":0}},"40":{"start":{"line":41,"column":0},"end":{"line":41,"column":32}},"41":{"start":{"line":42,"column":0},"end":{"line":42,"column":18}},"42":{"start":{"line":43,"column":0},"end":{"line":43,"column":10}},"43":{"start":{"line":44,"column":0},"end":{"line":44,"column":12}},"44":{"start":{"line":45,"column":0},"end":{"line":45,"column":13}},"45":{"start":{"line":46,"column":0},"end":{"line":46,"column":15}},"46":{"start":{"line":47,"column":0},"end":{"line":47,"column":36}},"47":{"start":{"line":48,"column":0},"end":{"line":48,"column":28}},"48":{"start":{"line":49,"column":0},"end":{"line":49,"column":39}},"49":{"start":{"line":50,"column":0},"end":{"line":50,"column":21}},"50":{"start":{"line":51,"column":0},"end":{"line":51,"column":20}},"51":{"start":{"line":52,"column":0},"end":{"line":52,"column":0}},"52":{"start":{"line":53,"column":0},"end":{"line":53,"column":15}},"53":{"start":{"line":54,"column":0},"end":{"line":54,"column":26}},"54":{"start":{"line":55,"column":0},"end":{"line":55,"column":22}},"55":{"start":{"line":56,"column":0},"end":{"line":56,"column":0}},"56":{"start":{"line":57,"column":0},"end":{"line":57,"column":9}},"57":{"start":{"line":58,"column":0},"end":{"line":58,"column":28}},"58":{"start":{"line":59,"column":0},"end":{"line":59,"column":24}},"59":{"start":{"line":60,"column":0},"end":{"line":60,"column":17}},"60":{"start":{"line":61,"column":0},"end":{"line":61,"column":4}},"61":{"start":{"line":62,"column":0},"end":{"line":62,"column":6}},"62":{"start":{"line":63,"column":0},"end":{"line":63,"column":23}},"63":{"start":{"line":64,"column":0},"end":{"line":64,"column":17}},"64":{"start":{"line":65,"column":0},"end":{"line":65,"column":4}},"65":{"start":{"line":66,"column":0},"end":{"line":66,"column":2}},"66":{"start":{"line":67,"column":0},"end":{"line":67,"column":0}},"67":{"start":{"line":68,"column":0},"end":{"line":68,"column":33}},"68":{"start":{"line":69,"column":0},"end":{"line":69,"column":15}},"69":{"start":{"line":70,"column":0},"end":{"line":70,"column":18}},"70":{"start":{"line":71,"column":0},"end":{"line":71,"column":16}},"71":{"start":{"line":72,"column":0},"end":{"line":72,"column":2}},"72":{"start":{"line":73,"column":0},"end":{"line":73,"column":0}},"73":{"start":{"line":74,"column":0},"end":{"line":74,"column":46}},"74":{"start":{"line":75,"column":0},"end":{"line":75,"column":17}},"75":{"start":{"line":76,"column":0},"end":{"line":76,"column":15}},"76":{"start":{"line":77,"column":0},"end":{"line":77,"column":18}},"77":{"start":{"line":78,"column":0},"end":{"line":78,"column":12}},"78":{"start":{"line":79,"column":0},"end":{"line":79,"column":22}},"79":{"start":{"line":80,"column":0},"end":{"line":80,"column":29}},"80":{"start":{"line":81,"column":0},"end":{"line":81,"column":40}},"81":{"start":{"line":82,"column":0},"end":{"line":82,"column":51}},"82":{"start":{"line":83,"column":0},"end":{"line":83,"column":31}},"83":{"start":{"line":84,"column":0},"end":{"line":84,"column":1}},"84":{"start":{"line":85,"column":0},"end":{"line":85,"column":22}}},"s":{"0":1,"1":1,"2":1,"3":1,"4":1,"5":1,"6":1,"7":1,"8":1,"9":1,"10":1,"11":1,"12":1,"13":1,"14":1,"15":1,"16":1,"17":1,"18":1,"19":1,"20":1,"21":1,"22":1,"23":1,"24":1,"25":1,"26":1,"27":1,"28":1,"29":1,"30":1,"31":1,"32":1,"33":1,"34":1,"35":1,"36":1,"37":1,"38":1,"39":1,"40":1,"41":1,"42":1,"43":1,"44":1,"45":1,"46":1,"47":1,"48":1,"49":1,"50":1,"51":1,"52":1,"53":1,"54":1,"55":1,"56":1,"57":1,"58":1,"59":1,"60":1,"61":1,"62":1,"63":1,"64":1,"65":1,"66":1,"67":1,"68":1,"69":1,"70":1,"71":1,"72":1,"73":1,"74":1,"75":1,"76":1,"77":1,"78":1,"79":1,"80":1,"81":1,"82":1,"83":1,"84":1},"branchMap":{},"b":{},"fnMap":{},"f":{}}
,"/Users/jlee72/Documents/week5/fec/client/src/components/RelatedItems/StarRating.jsx": {"path":"/Users/jlee72/Documents/week5/fec/client/src/components/RelatedItems/StarRating.jsx","all":false,"statementMap":{"0":{"start":{"line":1,"column":0},"end":{"line":1,"column":26}},"1":{"start":{"line":2,"column":0},"end":{"line":2,"column":27}},"2":{"start":{"line":3,"column":0},"end":{"line":3,"column":10}},"3":{"start":{"line":4,"column":0},"end":{"line":4,"column":9}},"4":{"start":{"line":5,"column":0},"end":{"line":5,"column":8}},"5":{"start":{"line":6,"column":0},"end":{"line":6,"column":8}},"6":{"start":{"line":7,"column":0},"end":{"line":7,"column":8}},"7":{"start":{"line":8,"column":0},"end":{"line":8,"column":8}},"8":{"start":{"line":9,"column":0},"end":{"line":9,"column":8}},"9":{"start":{"line":10,"column":0},"end":{"line":10,"column":10}},"10":{"start":{"line":11,"column":0},"end":{"line":11,"column":3}},"11":{"start":{"line":12,"column":0},"end":{"line":12,"column":1}},"12":{"start":{"line":13,"column":0},"end":{"line":13,"column":26}}},"s":{"0":1,"1":4,"2":4,"3":4,"4":4,"5":4,"6":4,"7":4,"8":4,"9":4,"10":4,"11":4,"12":1},"branchMap":{"0":{"type":"branch","line":2,"loc":{"start":{"line":2,"column":0},"end":{"line":12,"column":1}},"locations":[{"start":{"line":2,"column":0},"end":{"line":12,"column":1}}]}},"b":{"0":[4]},"fnMap":{"0":{"name":"StarRating","decl":{"start":{"line":2,"column":0},"end":{"line":12,"column":1}},"loc":{"start":{"line":2,"column":0},"end":{"line":12,"column":1}},"line":2}},"f":{"0":4}}
,"/Users/jlee72/Documents/week5/fec/server/config/config.js": {"path":"/Users/jlee72/Documents/week5/fec/server/config/config.js","all":false,"statementMap":{"0":{"start":{"line":1,"column":0},"end":{"line":1,"column":57}},"1":{"start":{"line":2,"column":0},"end":{"line":2,"column":0}},"2":{"start":{"line":3,"column":0},"end":{"line":3,"column":26}}},"s":{"0":1,"1":1,"2":1},"branchMap":{},"b":{},"fnMap":{},"f":{}}
}
